This is pdfTeX, Version 3.14159265-2.6-1.40.18 (TeX Live 2017/Debian) (preloaded format=pdflatex 2019.10.20)  4 MAR 2020 10:44
entering extended mode
 restricted \write18 enabled.
 %&-line parsing enabled.
**book
(./book.tex
LaTeX2e <2017-04-15>
Babel <3.18> and hyphenation patterns for 11 language(s) loaded.
(/usr/share/texlive/texmf-dist/tex/latex/base/report.cls
Document Class: report 2014/09/29 v1.4h Standard LaTeX document class
(/usr/share/texlive/texmf-dist/tex/latex/base/size10.clo
File: size10.clo 2014/09/29 v1.4h Standard LaTeX file (size option)
)
\c@part=\count79
\c@chapter=\count80
\c@section=\count81
\c@subsection=\count82
\c@subsubsection=\count83
\c@paragraph=\count84
\c@subparagraph=\count85
\c@figure=\count86
\c@table=\count87
\abovecaptionskip=\skip41
\belowcaptionskip=\skip42
\bibindent=\dimen102
)
(/usr/share/texlive/texmf-dist/tex/latex/doclicense/doclicense.sty
Package: doclicense 2018/02/17 v1.7.0 Support for putting documents under a lic
ense

(/usr/share/texlive/texmf-dist/tex/latex/oberdiek/kvoptions.sty
Package: kvoptions 2016/05/16 v3.12 Key value format for package options (HO)

(/usr/share/texlive/texmf-dist/tex/latex/graphics/keyval.sty
Package: keyval 2014/10/28 v1.15 key=value parser (DPC)
\KV@toks@=\toks14
)
(/usr/share/texlive/texmf-dist/tex/generic/oberdiek/ltxcmds.sty
Package: ltxcmds 2016/05/16 v1.23 LaTeX kernel commands for general use (HO)
)
(/usr/share/texlive/texmf-dist/tex/generic/oberdiek/kvsetkeys.sty
Package: kvsetkeys 2016/05/16 v1.17 Key value parser (HO)

(/usr/share/texlive/texmf-dist/tex/generic/oberdiek/infwarerr.sty
Package: infwarerr 2016/05/16 v1.4 Providing info/warning/error messages (HO)
)
(/usr/share/texlive/texmf-dist/tex/generic/oberdiek/etexcmds.sty
Package: etexcmds 2016/05/16 v1.6 Avoid name clashes with e-TeX commands (HO)

(/usr/share/texlive/texmf-dist/tex/generic/oberdiek/ifluatex.sty
Package: ifluatex 2016/05/16 v1.4 Provides the ifluatex switch (HO)
Package ifluatex Info: LuaTeX not detected.
)
Package etexcmds Info: Could not find \expanded.
(etexcmds)             That can mean that you are not using pdfTeX 1.50 or
(etexcmds)             that some package has redefined \expanded.
(etexcmds)             In the latter case, load this package earlier.
)))
(/usr/share/texlive/texmf-dist/tex/latex/xifthen/xifthen.sty
Package: xifthen 2015/11/05 v1.4.0 Extended ifthen features

(/usr/share/texlive/texmf-dist/tex/latex/tools/calc.sty
Package: calc 2014/10/28 v4.3 Infix arithmetic (KKT,FJ)
\calc@Acount=\count88
\calc@Bcount=\count89
\calc@Adimen=\dimen103
\calc@Bdimen=\dimen104
\calc@Askip=\skip43
\calc@Bskip=\skip44
LaTeX Info: Redefining \setlength on input line 80.
LaTeX Info: Redefining \addtolength on input line 81.
\calc@Ccount=\count90
\calc@Cskip=\skip45
)
(/usr/share/texlive/texmf-dist/tex/latex/base/ifthen.sty
Package: ifthen 2014/09/29 v1.1c Standard LaTeX ifthen package (DPC)
)
(/usr/share/texlive/texmf-dist/tex/latex/ifmtarg/ifmtarg.sty
Package: ifmtarg 2009/09/02 v1.2a check for an empty argument
))
(/usr/share/texlive/texmf-dist/tex/latex/etoolbox/etoolbox.sty
Package: etoolbox 2018/02/11 v2.5e e-TeX tools for LaTeX (JAW)
\etb@tempcnta=\count91
)
(/usr/share/texlive/texmf-dist/tex/latex/tools/xspace.sty
Package: xspace 2014/10/28 v1.13 Space after command names (DPC,MH)
)
(/usr/share/texlive/texmf-dist/tex/latex/tools/verbatim.sty
Package: verbatim 2014/10/28 v1.5q LaTeX2e package for verbatim enhancements
\every@verbatim=\toks15
\verbatim@line=\toks16
\verbatim@in@stream=\read1
)
\doclicense@hsize=\skip46

(/usr/share/texlive/texmf-dist/tex/latex/doclicense/doclicense-english.ldf
File: doclicense-english.ldf 
))
(./preambule.tex (/usr/share/texlive/texmf-dist/tex/latex/base/inputenc.sty
Package: inputenc 2015/03/17 v1.2c Input encoding file
\inpenc@prehook=\toks17
\inpenc@posthook=\toks18

(/usr/share/texlive/texmf-dist/tex/latex/base/utf8.def
File: utf8.def 2017/01/28 v1.1t UTF-8 support for inputenc
Now handling font encoding OML ...
... no UTF-8 mapping file for font encoding OML
Now handling font encoding T1 ...
... processing UTF-8 mapping file for font encoding T1

(/usr/share/texlive/texmf-dist/tex/latex/base/t1enc.dfu
File: t1enc.dfu 2017/01/28 v1.1t UTF-8 support for inputenc
   defining Unicode char U+00A0 (decimal 160)
   defining Unicode char U+00A1 (decimal 161)
   defining Unicode char U+00A3 (decimal 163)
   defining Unicode char U+00AB (decimal 171)
   defining Unicode char U+00AD (decimal 173)
   defining Unicode char U+00BB (decimal 187)
   defining Unicode char U+00BF (decimal 191)
   defining Unicode char U+00C0 (decimal 192)
   defining Unicode char U+00C1 (decimal 193)
   defining Unicode char U+00C2 (decimal 194)
   defining Unicode char U+00C3 (decimal 195)
   defining Unicode char U+00C4 (decimal 196)
   defining Unicode char U+00C5 (decimal 197)
   defining Unicode char U+00C6 (decimal 198)
   defining Unicode char U+00C7 (decimal 199)
   defining Unicode char U+00C8 (decimal 200)
   defining Unicode char U+00C9 (decimal 201)
   defining Unicode char U+00CA (decimal 202)
   defining Unicode char U+00CB (decimal 203)
   defining Unicode char U+00CC (decimal 204)
   defining Unicode char U+00CD (decimal 205)
   defining Unicode char U+00CE (decimal 206)
   defining Unicode char U+00CF (decimal 207)
   defining Unicode char U+00D0 (decimal 208)
   defining Unicode char U+00D1 (decimal 209)
   defining Unicode char U+00D2 (decimal 210)
   defining Unicode char U+00D3 (decimal 211)
   defining Unicode char U+00D4 (decimal 212)
   defining Unicode char U+00D5 (decimal 213)
   defining Unicode char U+00D6 (decimal 214)
   defining Unicode char U+00D8 (decimal 216)
   defining Unicode char U+00D9 (decimal 217)
   defining Unicode char U+00DA (decimal 218)
   defining Unicode char U+00DB (decimal 219)
   defining Unicode char U+00DC (decimal 220)
   defining Unicode char U+00DD (decimal 221)
   defining Unicode char U+00DE (decimal 222)
   defining Unicode char U+00DF (decimal 223)
   defining Unicode char U+00E0 (decimal 224)
   defining Unicode char U+00E1 (decimal 225)
   defining Unicode char U+00E2 (decimal 226)
   defining Unicode char U+00E3 (decimal 227)
   defining Unicode char U+00E4 (decimal 228)
   defining Unicode char U+00E5 (decimal 229)
   defining Unicode char U+00E6 (decimal 230)
   defining Unicode char U+00E7 (decimal 231)
   defining Unicode char U+00E8 (decimal 232)
   defining Unicode char U+00E9 (decimal 233)
   defining Unicode char U+00EA (decimal 234)
   defining Unicode char U+00EB (decimal 235)
   defining Unicode char U+00EC (decimal 236)
   defining Unicode char U+00ED (decimal 237)
   defining Unicode char U+00EE (decimal 238)
   defining Unicode char U+00EF (decimal 239)
   defining Unicode char U+00F0 (decimal 240)
   defining Unicode char U+00F1 (decimal 241)
   defining Unicode char U+00F2 (decimal 242)
   defining Unicode char U+00F3 (decimal 243)
   defining Unicode char U+00F4 (decimal 244)
   defining Unicode char U+00F5 (decimal 245)
   defining Unicode char U+00F6 (decimal 246)
   defining Unicode char U+00F8 (decimal 248)
   defining Unicode char U+00F9 (decimal 249)
   defining Unicode char U+00FA (decimal 250)
   defining Unicode char U+00FB (decimal 251)
   defining Unicode char U+00FC (decimal 252)
   defining Unicode char U+00FD (decimal 253)
   defining Unicode char U+00FE (decimal 254)
   defining Unicode char U+00FF (decimal 255)
   defining Unicode char U+0100 (decimal 256)
   defining Unicode char U+0101 (decimal 257)
   defining Unicode char U+0102 (decimal 258)
   defining Unicode char U+0103 (decimal 259)
   defining Unicode char U+0104 (decimal 260)
   defining Unicode char U+0105 (decimal 261)
   defining Unicode char U+0106 (decimal 262)
   defining Unicode char U+0107 (decimal 263)
   defining Unicode char U+0108 (decimal 264)
   defining Unicode char U+0109 (decimal 265)
   defining Unicode char U+010A (decimal 266)
   defining Unicode char U+010B (decimal 267)
   defining Unicode char U+010C (decimal 268)
   defining Unicode char U+010D (decimal 269)
   defining Unicode char U+010E (decimal 270)
   defining Unicode char U+010F (decimal 271)
   defining Unicode char U+0110 (decimal 272)
   defining Unicode char U+0111 (decimal 273)
   defining Unicode char U+0112 (decimal 274)
   defining Unicode char U+0113 (decimal 275)
   defining Unicode char U+0114 (decimal 276)
   defining Unicode char U+0115 (decimal 277)
   defining Unicode char U+0116 (decimal 278)
   defining Unicode char U+0117 (decimal 279)
   defining Unicode char U+0118 (decimal 280)
   defining Unicode char U+0119 (decimal 281)
   defining Unicode char U+011A (decimal 282)
   defining Unicode char U+011B (decimal 283)
   defining Unicode char U+011C (decimal 284)
   defining Unicode char U+011D (decimal 285)
   defining Unicode char U+011E (decimal 286)
   defining Unicode char U+011F (decimal 287)
   defining Unicode char U+0120 (decimal 288)
   defining Unicode char U+0121 (decimal 289)
   defining Unicode char U+0122 (decimal 290)
   defining Unicode char U+0123 (decimal 291)
   defining Unicode char U+0124 (decimal 292)
   defining Unicode char U+0125 (decimal 293)
   defining Unicode char U+0128 (decimal 296)
   defining Unicode char U+0129 (decimal 297)
   defining Unicode char U+012A (decimal 298)
   defining Unicode char U+012B (decimal 299)
   defining Unicode char U+012C (decimal 300)
   defining Unicode char U+012D (decimal 301)
   defining Unicode char U+012E (decimal 302)
   defining Unicode char U+012F (decimal 303)
   defining Unicode char U+0130 (decimal 304)
   defining Unicode char U+0131 (decimal 305)
   defining Unicode char U+0132 (decimal 306)
   defining Unicode char U+0133 (decimal 307)
   defining Unicode char U+0134 (decimal 308)
   defining Unicode char U+0135 (decimal 309)
   defining Unicode char U+0136 (decimal 310)
   defining Unicode char U+0137 (decimal 311)
   defining Unicode char U+0139 (decimal 313)
   defining Unicode char U+013A (decimal 314)
   defining Unicode char U+013B (decimal 315)
   defining Unicode char U+013C (decimal 316)
   defining Unicode char U+013D (decimal 317)
   defining Unicode char U+013E (decimal 318)
   defining Unicode char U+0141 (decimal 321)
   defining Unicode char U+0142 (decimal 322)
   defining Unicode char U+0143 (decimal 323)
   defining Unicode char U+0144 (decimal 324)
   defining Unicode char U+0145 (decimal 325)
   defining Unicode char U+0146 (decimal 326)
   defining Unicode char U+0147 (decimal 327)
   defining Unicode char U+0148 (decimal 328)
   defining Unicode char U+014A (decimal 330)
   defining Unicode char U+014B (decimal 331)
   defining Unicode char U+014C (decimal 332)
   defining Unicode char U+014D (decimal 333)
   defining Unicode char U+014E (decimal 334)
   defining Unicode char U+014F (decimal 335)
   defining Unicode char U+0150 (decimal 336)
   defining Unicode char U+0151 (decimal 337)
   defining Unicode char U+0152 (decimal 338)
   defining Unicode char U+0153 (decimal 339)
   defining Unicode char U+0154 (decimal 340)
   defining Unicode char U+0155 (decimal 341)
   defining Unicode char U+0156 (decimal 342)
   defining Unicode char U+0157 (decimal 343)
   defining Unicode char U+0158 (decimal 344)
   defining Unicode char U+0159 (decimal 345)
   defining Unicode char U+015A (decimal 346)
   defining Unicode char U+015B (decimal 347)
   defining Unicode char U+015C (decimal 348)
   defining Unicode char U+015D (decimal 349)
   defining Unicode char U+015E (decimal 350)
   defining Unicode char U+015F (decimal 351)
   defining Unicode char U+0160 (decimal 352)
   defining Unicode char U+0161 (decimal 353)
   defining Unicode char U+0162 (decimal 354)
   defining Unicode char U+0163 (decimal 355)
   defining Unicode char U+0164 (decimal 356)
   defining Unicode char U+0165 (decimal 357)
   defining Unicode char U+0168 (decimal 360)
   defining Unicode char U+0169 (decimal 361)
   defining Unicode char U+016A (decimal 362)
   defining Unicode char U+016B (decimal 363)
   defining Unicode char U+016C (decimal 364)
   defining Unicode char U+016D (decimal 365)
   defining Unicode char U+016E (decimal 366)
   defining Unicode char U+016F (decimal 367)
   defining Unicode char U+0170 (decimal 368)
   defining Unicode char U+0171 (decimal 369)
   defining Unicode char U+0172 (decimal 370)
   defining Unicode char U+0173 (decimal 371)
   defining Unicode char U+0174 (decimal 372)
   defining Unicode char U+0175 (decimal 373)
   defining Unicode char U+0176 (decimal 374)
   defining Unicode char U+0177 (decimal 375)
   defining Unicode char U+0178 (decimal 376)
   defining Unicode char U+0179 (decimal 377)
   defining Unicode char U+017A (decimal 378)
   defining Unicode char U+017B (decimal 379)
   defining Unicode char U+017C (decimal 380)
   defining Unicode char U+017D (decimal 381)
   defining Unicode char U+017E (decimal 382)
   defining Unicode char U+01CD (decimal 461)
   defining Unicode char U+01CE (decimal 462)
   defining Unicode char U+01CF (decimal 463)
   defining Unicode char U+01D0 (decimal 464)
   defining Unicode char U+01D1 (decimal 465)
   defining Unicode char U+01D2 (decimal 466)
   defining Unicode char U+01D3 (decimal 467)
   defining Unicode char U+01D4 (decimal 468)
   defining Unicode char U+01E2 (decimal 482)
   defining Unicode char U+01E3 (decimal 483)
   defining Unicode char U+01E6 (decimal 486)
   defining Unicode char U+01E7 (decimal 487)
   defining Unicode char U+01E8 (decimal 488)
   defining Unicode char U+01E9 (decimal 489)
   defining Unicode char U+01EA (decimal 490)
   defining Unicode char U+01EB (decimal 491)
   defining Unicode char U+01F0 (decimal 496)
   defining Unicode char U+01F4 (decimal 500)
   defining Unicode char U+01F5 (decimal 501)
   defining Unicode char U+0218 (decimal 536)
   defining Unicode char U+0219 (decimal 537)
   defining Unicode char U+021A (decimal 538)
   defining Unicode char U+021B (decimal 539)
   defining Unicode char U+0232 (decimal 562)
   defining Unicode char U+0233 (decimal 563)
   defining Unicode char U+1E02 (decimal 7682)
   defining Unicode char U+1E03 (decimal 7683)
   defining Unicode char U+200C (decimal 8204)
   defining Unicode char U+2010 (decimal 8208)
   defining Unicode char U+2011 (decimal 8209)
   defining Unicode char U+2012 (decimal 8210)
   defining Unicode char U+2013 (decimal 8211)
   defining Unicode char U+2014 (decimal 8212)
   defining Unicode char U+2015 (decimal 8213)
   defining Unicode char U+2018 (decimal 8216)
   defining Unicode char U+2019 (decimal 8217)
   defining Unicode char U+201A (decimal 8218)
   defining Unicode char U+201C (decimal 8220)
   defining Unicode char U+201D (decimal 8221)
   defining Unicode char U+201E (decimal 8222)
   defining Unicode char U+2030 (decimal 8240)
   defining Unicode char U+2031 (decimal 8241)
   defining Unicode char U+2039 (decimal 8249)
   defining Unicode char U+203A (decimal 8250)
   defining Unicode char U+2423 (decimal 9251)
   defining Unicode char U+1E20 (decimal 7712)
   defining Unicode char U+1E21 (decimal 7713)
)
Now handling font encoding OT1 ...
... processing UTF-8 mapping file for font encoding OT1

(/usr/share/texlive/texmf-dist/tex/latex/base/ot1enc.dfu
File: ot1enc.dfu 2017/01/28 v1.1t UTF-8 support for inputenc
   defining Unicode char U+00A0 (decimal 160)
   defining Unicode char U+00A1 (decimal 161)
   defining Unicode char U+00A3 (decimal 163)
   defining Unicode char U+00AD (decimal 173)
   defining Unicode char U+00B8 (decimal 184)
   defining Unicode char U+00BF (decimal 191)
   defining Unicode char U+00C5 (decimal 197)
   defining Unicode char U+00C6 (decimal 198)
   defining Unicode char U+00D8 (decimal 216)
   defining Unicode char U+00DF (decimal 223)
   defining Unicode char U+00E6 (decimal 230)
   defining Unicode char U+00EC (decimal 236)
   defining Unicode char U+00ED (decimal 237)
   defining Unicode char U+00EE (decimal 238)
   defining Unicode char U+00EF (decimal 239)
   defining Unicode char U+00F8 (decimal 248)
   defining Unicode char U+0131 (decimal 305)
   defining Unicode char U+0141 (decimal 321)
   defining Unicode char U+0142 (decimal 322)
   defining Unicode char U+0152 (decimal 338)
   defining Unicode char U+0153 (decimal 339)
   defining Unicode char U+0174 (decimal 372)
   defining Unicode char U+0175 (decimal 373)
   defining Unicode char U+0176 (decimal 374)
   defining Unicode char U+0177 (decimal 375)
   defining Unicode char U+0218 (decimal 536)
   defining Unicode char U+0219 (decimal 537)
   defining Unicode char U+021A (decimal 538)
   defining Unicode char U+021B (decimal 539)
   defining Unicode char U+2013 (decimal 8211)
   defining Unicode char U+2014 (decimal 8212)
   defining Unicode char U+2018 (decimal 8216)
   defining Unicode char U+2019 (decimal 8217)
   defining Unicode char U+201C (decimal 8220)
   defining Unicode char U+201D (decimal 8221)
)
Now handling font encoding OMS ...
... processing UTF-8 mapping file for font encoding OMS

(/usr/share/texlive/texmf-dist/tex/latex/base/omsenc.dfu
File: omsenc.dfu 2017/01/28 v1.1t UTF-8 support for inputenc
   defining Unicode char U+00A7 (decimal 167)
   defining Unicode char U+00B6 (decimal 182)
   defining Unicode char U+00B7 (decimal 183)
   defining Unicode char U+2020 (decimal 8224)
   defining Unicode char U+2021 (decimal 8225)
   defining Unicode char U+2022 (decimal 8226)
)
Now handling font encoding OMX ...
... no UTF-8 mapping file for font encoding OMX
Now handling font encoding U ...
... no UTF-8 mapping file for font encoding U
   defining Unicode char U+00A9 (decimal 169)
   defining Unicode char U+00AA (decimal 170)
   defining Unicode char U+00AE (decimal 174)
   defining Unicode char U+00BA (decimal 186)
   defining Unicode char U+02C6 (decimal 710)
   defining Unicode char U+02DC (decimal 732)
   defining Unicode char U+200C (decimal 8204)
   defining Unicode char U+2026 (decimal 8230)
   defining Unicode char U+2122 (decimal 8482)
   defining Unicode char U+2423 (decimal 9251)
))
(/usr/share/texlive/texmf-dist/tex/latex/base/fontenc.sty
Package: fontenc 2017/04/05 v2.0i Standard LaTeX package

(/usr/share/texlive/texmf-dist/tex/latex/base/t1enc.def
File: t1enc.def 2017/04/05 v2.0i Standard LaTeX file
LaTeX Font Info:    Redeclaring font encoding T1 on input line 48.
))
(/usr/share/texlive/texmf-dist/tex/generic/babel/babel.sty
Package: babel 2018/02/14 3.18 The Babel package

(/usr/share/texlive/texmf-dist/tex/generic/babel/switch.def
File: switch.def 2018/02/14 3.18 Babel switching mechanism
)
(/usr/share/texlive/texmf-dist/tex/generic/babel-french/french.ldf
Language: french 2018/02/04 v3.4b French support from the babel system

(/usr/share/texlive/texmf-dist/tex/generic/babel/babel.def
File: babel.def 2018/02/14 3.18 Babel common definitions
\babel@savecnt=\count92
\U@D=\dimen105

(/usr/share/texlive/texmf-dist/tex/generic/babel/txtbabel.def)
\bbl@dirlevel=\count93
)
\l@acadian = a dialect from \language\l@french 
\FB@nonchar=\count94
Package babel Info: Making : an active character on input line 411.
Package babel Info: Making ; an active character on input line 412.
Package babel Info: Making ! an active character on input line 413.
Package babel Info: Making ? an active character on input line 414.
\FBguill@level=\count95
\FB@everypar=\toks19
\FB@Mht=\dimen106
\mc@charclass=\count96
\mc@charfam=\count97
\mc@charslot=\count98
\std@mcc=\count99
\dec@mcc=\count100
\c@FBcaption@count=\count101
\listindentFB=\skip47
\descindentFB=\skip48
\labelwidthFB=\skip49
\leftmarginFB=\skip50
\parindentFFN=\dimen107
\FBfnindent=\skip51
))
(/usr/share/texlive/texmf-dist/tex/latex/carlisle/scalefnt.sty)
(/usr/share/texlive/texmf-dist/tex/latex/adjustbox/adjustbox.sty
Package: adjustbox 2012/05/21 v1.0 Adjusting TeX boxes (trim, clip, ...)

(/usr/share/texlive/texmf-dist/tex/latex/xkeyval/xkeyval.sty
Package: xkeyval 2014/12/03 v2.7a package option processing (HA)

(/usr/share/texlive/texmf-dist/tex/generic/xkeyval/xkeyval.tex
(/usr/share/texlive/texmf-dist/tex/generic/xkeyval/xkvutils.tex
\XKV@toks=\toks20
\XKV@tempa@toks=\toks21
)
\XKV@depth=\count102
File: xkeyval.tex 2014/12/03 v2.7a key=value parser (HA)
))
(/usr/share/texlive/texmf-dist/tex/latex/adjustbox/adjcalc.sty
Package: adjcalc 2012/05/16 v1.1 Provides advanced setlength with multiple back
-ends (calc, etex, pgfmath)
)
(/usr/share/texlive/texmf-dist/tex/latex/adjustbox/trimclip.sty
Package: trimclip 2012/05/16 v1.0 Trim and clip general TeX material

(/usr/share/texlive/texmf-dist/tex/latex/graphics/graphicx.sty
Package: graphicx 2017/06/01 v1.1a Enhanced LaTeX Graphics (DPC,SPQR)

(/usr/share/texlive/texmf-dist/tex/latex/graphics/graphics.sty
Package: graphics 2017/06/25 v1.2c Standard LaTeX Graphics (DPC,SPQR)

(/usr/share/texlive/texmf-dist/tex/latex/graphics/trig.sty
Package: trig 2016/01/03 v1.10 sin cos tan (DPC)
)
(/usr/share/texlive/texmf-dist/tex/latex/graphics-cfg/graphics.cfg
File: graphics.cfg 2016/06/04 v1.11 sample graphics configuration
)
Package graphics Info: Driver file: pdftex.def on input line 99.

(/usr/share/texlive/texmf-dist/tex/latex/graphics-def/pdftex.def
File: pdftex.def 2018/01/08 v1.0l Graphics/color driver for pdftex
))
\Gin@req@height=\dimen108
\Gin@req@width=\dimen109
)
(/usr/share/texlive/texmf-dist/tex/latex/collectbox/collectbox.sty
Package: collectbox 2012/05/17 v0.4b Collect macro arguments as boxes
\collectedbox=\box26
)
\tc@llx=\dimen110
\tc@lly=\dimen111
\tc@urx=\dimen112
\tc@ury=\dimen113
Package trimclip Info: Using driver 'tc-pdftex.def'.

(/usr/share/texlive/texmf-dist/tex/latex/adjustbox/tc-pdftex.def
File: tc-pdftex.def 2012/05/13 v1.0 Clipping driver for pdftex
))
\adjbox@Width=\dimen114
\adjbox@Height=\dimen115
\adjbox@Depth=\dimen116
\adjbox@Totalheight=\dimen117

(/usr/share/texlive/texmf-dist/tex/latex/ifoddpage/ifoddpage.sty
Package: ifoddpage 2016/04/23 v1.1 Conditionals for odd/even page detection
\c@checkoddpage=\count103
)
(/usr/share/texlive/texmf-dist/tex/latex/varwidth/varwidth.sty
Package: varwidth 2009/03/30 ver 0.92;  Variable-width minipages
\@vwid@box=\box27
\sift@deathcycles=\count104
\@vwid@loff=\dimen118
\@vwid@roff=\dimen119
))
(/usr/share/texlive/texmf-dist/tex/latex/geometry/geometry.sty
Package: geometry 2010/09/12 v5.6 Page Geometry

(/usr/share/texlive/texmf-dist/tex/generic/oberdiek/ifpdf.sty
Package: ifpdf 2017/03/15 v3.2 Provides the ifpdf switch
)
(/usr/share/texlive/texmf-dist/tex/generic/oberdiek/ifvtex.sty
Package: ifvtex 2016/05/16 v1.6 Detect VTeX and its facilities (HO)
Package ifvtex Info: VTeX not detected.
)
(/usr/share/texlive/texmf-dist/tex/generic/ifxetex/ifxetex.sty
Package: ifxetex 2010/09/12 v0.6 Provides ifxetex conditional
)
\Gm@cnth=\count105
\Gm@cntv=\count106
\c@Gm@tempcnt=\count107
\Gm@bindingoffset=\dimen120
\Gm@wd@mp=\dimen121
\Gm@odd@mp=\dimen122
\Gm@even@mp=\dimen123
\Gm@layoutwidth=\dimen124
\Gm@layoutheight=\dimen125
\Gm@layouthoffset=\dimen126
\Gm@layoutvoffset=\dimen127
\Gm@dimlist=\toks22
)
(/usr/share/texlive/texmf-dist/tex/latex/fancyhdr/fancyhdr.sty
Package: fancyhdr 2017/06/30 v3.9a Extensive control of page headers and footer
s
\f@nch@headwidth=\skip52
\f@nch@O@elh=\skip53
\f@nch@O@erh=\skip54
\f@nch@O@olh=\skip55
\f@nch@O@orh=\skip56
\f@nch@O@elf=\skip57
\f@nch@O@erf=\skip58
\f@nch@O@olf=\skip59
\f@nch@O@orf=\skip60
)
(/usr/share/texlive/texmf-dist/tex/latex/tools/multicol.sty
Package: multicol 2017/04/11 v1.8q multicolumn formatting (FMi)
\c@tracingmulticols=\count108
\mult@box=\box28
\multicol@leftmargin=\dimen128
\c@unbalance=\count109
\c@collectmore=\count110
\doublecol@number=\count111
\multicoltolerance=\count112
\multicolpretolerance=\count113
\full@width=\dimen129
\page@free=\dimen130
\premulticols=\dimen131
\postmulticols=\dimen132
\multicolsep=\skip61
\multicolbaselineskip=\skip62
\partial@page=\box29
\last@line=\box30
\maxbalancingoverflow=\dimen133
\mult@rightbox=\box31
\mult@grightbox=\box32
\mult@gfirstbox=\box33
\mult@firstbox=\box34
\@tempa=\box35
\@tempa=\box36
\@tempa=\box37
\@tempa=\box38
\@tempa=\box39
\@tempa=\box40
\@tempa=\box41
\@tempa=\box42
\@tempa=\box43
\@tempa=\box44
\@tempa=\box45
\@tempa=\box46
\@tempa=\box47
\@tempa=\box48
\@tempa=\box49
\@tempa=\box50
\@tempa=\box51
\c@columnbadness=\count114
\c@finalcolumnbadness=\count115
\last@try=\dimen134
\multicolovershoot=\dimen135
\multicolundershoot=\dimen136
\mult@nat@firstbox=\box52
\colbreak@box=\box53
\mc@col@check@num=\count116
)
(/usr/share/texlive/texmf-dist/tex/latex/hyperref/hyperref.sty
Package: hyperref 2018/02/06 v6.86b Hypertext links for LaTeX

(/usr/share/texlive/texmf-dist/tex/generic/oberdiek/hobsub-hyperref.sty
Package: hobsub-hyperref 2016/05/16 v1.14 Bundle oberdiek, subset hyperref (HO)


(/usr/share/texlive/texmf-dist/tex/generic/oberdiek/hobsub-generic.sty
Package: hobsub-generic 2016/05/16 v1.14 Bundle oberdiek, subset generic (HO)
Package: hobsub 2016/05/16 v1.14 Construct package bundles (HO)
Package hobsub Info: Skipping package `infwarerr' (already loaded).
Package hobsub Info: Skipping package `ltxcmds' (already loaded).
Package hobsub Info: Skipping package `ifluatex' (already loaded).
Package hobsub Info: Skipping package `ifvtex' (already loaded).
Package: intcalc 2016/05/16 v1.2 Expandable calculations with integers (HO)
Package hobsub Info: Skipping package `ifpdf' (already loaded).
Package hobsub Info: Skipping package `etexcmds' (already loaded).
Package hobsub Info: Skipping package `kvsetkeys' (already loaded).
Package: kvdefinekeys 2016/05/16 v1.4 Define keys (HO)
Package: pdftexcmds 2018/01/21 v0.26 Utility functions of pdfTeX for LuaTeX (HO
)
Package pdftexcmds Info: LuaTeX not detected.
Package pdftexcmds Info: \pdf@primitive is available.
Package pdftexcmds Info: \pdf@ifprimitive is available.
Package pdftexcmds Info: \pdfdraftmode found.
Package: pdfescape 2016/05/16 v1.14 Implements pdfTeX's escape features (HO)
Package: bigintcalc 2016/05/16 v1.4 Expandable calculations on big integers (HO
)
Package: bitset 2016/05/16 v1.2 Handle bit-vector datatype (HO)
Package: uniquecounter 2016/05/16 v1.3 Provide unlimited unique counter (HO)
)
Package hobsub Info: Skipping package `hobsub' (already loaded).
Package: letltxmacro 2016/05/16 v1.5 Let assignment for LaTeX macros (HO)
Package: hopatch 2016/05/16 v1.3 Wrapper for package hooks (HO)
Package: xcolor-patch 2016/05/16 xcolor patch
Package: atveryend 2016/05/16 v1.9 Hooks at the very end of document (HO)
Package: atbegshi 2016/06/09 v1.18 At begin shipout hook (HO)
Package: refcount 2016/05/16 v3.5 Data extraction from label references (HO)
Package: hycolor 2016/05/16 v1.8 Color options for hyperref/bookmark (HO)
)
(/usr/share/texlive/texmf-dist/tex/latex/oberdiek/auxhook.sty
Package: auxhook 2016/05/16 v1.4 Hooks for auxiliary files (HO)
)
\@linkdim=\dimen137
\Hy@linkcounter=\count117
\Hy@pagecounter=\count118

(/usr/share/texlive/texmf-dist/tex/latex/hyperref/pd1enc.def
File: pd1enc.def 2018/02/06 v6.86b Hyperref: PDFDocEncoding definition (HO)
Now handling font encoding PD1 ...
... no UTF-8 mapping file for font encoding PD1
)
\Hy@SavedSpaceFactor=\count119

(/usr/share/texlive/texmf-dist/tex/latex/latexconfig/hyperref.cfg
File: hyperref.cfg 2002/06/06 v1.2 hyperref configuration of TeXLive
)
Package hyperref Info: Hyper figures OFF on input line 4509.
Package hyperref Info: Link nesting OFF on input line 4514.
Package hyperref Info: Hyper index ON on input line 4517.
Package hyperref Info: Plain pages OFF on input line 4524.
Package hyperref Info: Backreferencing OFF on input line 4529.
Package hyperref Info: Implicit mode ON; LaTeX internals redefined.
Package hyperref Info: Bookmarks ON on input line 4762.
\c@Hy@tempcnt=\count120

(/usr/share/texlive/texmf-dist/tex/latex/url/url.sty
\Urlmuskip=\muskip10
Package: url 2013/09/16  ver 3.4  Verb mode for urls, etc.
)
LaTeX Info: Redefining \url on input line 5115.
\XeTeXLinkMargin=\dimen138
\Fld@menulength=\count121
\Field@Width=\dimen139
\Fld@charsize=\dimen140
Package hyperref Info: Hyper figures OFF on input line 6369.
Package hyperref Info: Link nesting OFF on input line 6374.
Package hyperref Info: Hyper index ON on input line 6377.
Package hyperref Info: backreferencing OFF on input line 6384.
Package hyperref Info: Link coloring OFF on input line 6389.
Package hyperref Info: Link coloring with OCG OFF on input line 6394.
Package hyperref Info: PDF/A mode OFF on input line 6399.
LaTeX Info: Redefining \ref on input line 6439.
LaTeX Info: Redefining \pageref on input line 6443.
\Hy@abspage=\count122
\c@Item=\count123
\c@Hfootnote=\count124
)
Package hyperref Info: Driver (autodetected): hpdftex.

(/usr/share/texlive/texmf-dist/tex/latex/hyperref/hpdftex.def
File: hpdftex.def 2018/02/06 v6.86b Hyperref driver for pdfTeX
\Fld@listcount=\count125
\c@bookmark@seq@number=\count126

(/usr/share/texlive/texmf-dist/tex/latex/oberdiek/rerunfilecheck.sty
Package: rerunfilecheck 2016/05/16 v1.8 Rerun checks for auxiliary files (HO)
Package uniquecounter Info: New unique counter `rerunfilecheck' on input line 2
82.
)
\Hy@SectionHShift=\skip63
)
(/usr/share/texlive/texmf-dist/tex/latex/eurosym/eurosym.sty
Package: eurosym 1998/08/06 v1.1 European currency symbol ``Euro''
\@eurobox=\box54
)
(/usr/share/texlive/texmf-dist/tex/latex/xcolor/xcolor.sty
Package: xcolor 2016/05/11 v2.12 LaTeX color extensions (UK)

(/usr/share/texlive/texmf-dist/tex/latex/graphics-cfg/color.cfg
File: color.cfg 2016/01/02 v1.6 sample color configuration
)
Package xcolor Info: Driver file: pdftex.def on input line 225.
Package xcolor Info: Model `cmy' substituted by `cmy0' on input line 1348.
Package xcolor Info: Model `hsb' substituted by `rgb' on input line 1352.
Package xcolor Info: Model `RGB' extended on input line 1364.
Package xcolor Info: Model `HTML' substituted by `rgb' on input line 1366.
Package xcolor Info: Model `Hsb' substituted by `hsb' on input line 1367.
Package xcolor Info: Model `tHsb' substituted by `hsb' on input line 1368.
Package xcolor Info: Model `HSB' substituted by `hsb' on input line 1369.
Package xcolor Info: Model `Gray' substituted by `gray' on input line 1370.
Package xcolor Info: Model `wave' substituted by `hsb' on input line 1371.

(/usr/share/texlive/texmf-dist/tex/latex/graphics/dvipsnam.def
File: dvipsnam.def 2016/06/17 v3.0m Driver-dependent file (DPC,SPQR)
))
(/usr/share/texlive/texmf-dist/tex/latex/tocloft/tocloft.sty
Package: tocloft 2017/08/31 v2.3i parameterised ToC, etc., typesetting
Package tocloft Info: The document has chapter divisions on input line 51.
\cftparskip=\skip64
\cftbeforetoctitleskip=\skip65
\cftaftertoctitleskip=\skip66
\cftbeforepartskip=\skip67
\cftpartnumwidth=\skip68
\cftpartindent=\skip69
\cftbeforechapskip=\skip70
\cftchapindent=\skip71
\cftchapnumwidth=\skip72
\cftbeforesecskip=\skip73
\cftsecindent=\skip74
\cftsecnumwidth=\skip75
\cftbeforesubsecskip=\skip76
\cftsubsecindent=\skip77
\cftsubsecnumwidth=\skip78
\cftbeforesubsubsecskip=\skip79
\cftsubsubsecindent=\skip80
\cftsubsubsecnumwidth=\skip81
\cftbeforeparaskip=\skip82
\cftparaindent=\skip83
\cftparanumwidth=\skip84
\cftbeforesubparaskip=\skip85
\cftsubparaindent=\skip86
\cftsubparanumwidth=\skip87
\cftbeforeloftitleskip=\skip88
\cftafterloftitleskip=\skip89
\cftbeforefigskip=\skip90
\cftfigindent=\skip91
\cftfignumwidth=\skip92
\c@lofdepth=\count127
\c@lotdepth=\count128
\cftbeforelottitleskip=\skip93
\cftafterlottitleskip=\skip94
\cftbeforetabskip=\skip95
\cfttabindent=\skip96
\cfttabnumwidth=\skip97
)
(/usr/share/texlive/texmf-dist/tex/latex/etoc/etoc.sty
Package: etoc 2018/02/23 v1.08n Completely customisable TOCs (JFB)
\Etoc@toctoks=\toks23
\c@etoc@tocid=\count129
\c@etoc@tocdepth=\count130
\etoc@framed@titlebox=\box55
\etoc@framed@contentsbox=\box56
)
(/usr/share/texlive/texmf-dist/tex/latex/titlesec/titlesec.sty
Package: titlesec 2016/03/21 v2.10.2 Sectioning titles
\ttl@box=\box57
\beforetitleunit=\skip98
\aftertitleunit=\skip99
\ttl@plus=\dimen141
\ttl@minus=\dimen142
\ttl@toksa=\toks24
\titlewidth=\dimen143
\titlewidthlast=\dimen144
\titlewidthfirst=\dimen145
))
(/usr/share/texlive/texmf-dist/tex/latex/csquotes/csquotes.sty
Package: csquotes 2018/02/11 v5.2c context-sensitive quotations (JAW)
\csq@reset=\count131
\csq@gtype=\count132
\csq@glevel=\count133
\csq@qlevel=\count134
\csq@maxlvl=\count135
\csq@tshold=\count136
\csq@ltx@everypar=\toks25

(/usr/share/texlive/texmf-dist/tex/latex/csquotes/csquotes.def
File: csquotes.def 2018/02/11 v5.2c csquotes generic definitions (JAW)
)
Package csquotes Info: Trying to load configuration file 'csquotes.cfg'...
Package csquotes Info: ... configuration file loaded successfully.

(/usr/share/texlive/texmf-dist/tex/latex/csquotes/csquotes.cfg
File: csquotes.cfg 
))
(/usr/share/texlive/texmf-dist/tex/latex/ccicons/ccicons.sty
Package: ccicons 2017/10/30 v1.6 LaTeX support for Creative Commons icons
) (./book.aux)
\openout1 = `book.aux'.

LaTeX Font Info:    Checking defaults for OML/cmm/m/it on input line 18.
LaTeX Font Info:    ... okay on input line 18.
LaTeX Font Info:    Checking defaults for T1/cmr/m/n on input line 18.
LaTeX Font Info:    ... okay on input line 18.
LaTeX Font Info:    Checking defaults for OT1/cmr/m/n on input line 18.
LaTeX Font Info:    ... okay on input line 18.
LaTeX Font Info:    Checking defaults for OMS/cmsy/m/n on input line 18.
LaTeX Font Info:    ... okay on input line 18.
LaTeX Font Info:    Checking defaults for OMX/cmex/m/n on input line 18.
LaTeX Font Info:    ... okay on input line 18.
LaTeX Font Info:    Checking defaults for U/cmr/m/n on input line 18.
LaTeX Font Info:    ... okay on input line 18.
LaTeX Font Info:    Checking defaults for PD1/pdf/m/n on input line 18.
LaTeX Font Info:    ... okay on input line 18.
LaTeX Info: Redefining \degres on input line 18.
LaTeX Info: Redefining \dots on input line 18.
LaTeX Info: Redefining \up on input line 18.

(/usr/share/texlive/texmf-dist/tex/context/base/mkii/supp-pdf.mkii
[Loading MPS to PDF converter (version 2006.09.02).]
\scratchcounter=\count137
\scratchdimen=\dimen146
\scratchbox=\box58
\nofMPsegments=\count138
\nofMParguments=\count139
\everyMPshowfont=\toks26
\MPscratchCnt=\count140
\MPscratchDim=\dimen147
\MPnumerator=\count141
\makeMPintoPDFobject=\count142
\everyMPtoPDFconversion=\toks27
) (/usr/share/texlive/texmf-dist/tex/latex/oberdiek/epstopdf-base.sty
Package: epstopdf-base 2016/05/15 v2.6 Base part for package epstopdf

(/usr/share/texlive/texmf-dist/tex/latex/oberdiek/grfext.sty
Package: grfext 2016/05/16 v1.2 Manage graphics extensions (HO)
)
Package epstopdf-base Info: Redefining graphics rule for `.eps' on input line 4
38.
Package grfext Info: Graphics extension search list:
(grfext)             [.pdf,.png,.jpg,.mps,.jpeg,.jbig2,.jb2,.PDF,.PNG,.JPG,.JPE
G,.JBIG2,.JB2,.eps]
(grfext)             \AppendGraphicsExtensions on input line 456.

(/usr/share/texlive/texmf-dist/tex/latex/latexconfig/epstopdf-sys.cfg
File: epstopdf-sys.cfg 2010/07/13 v1.3 Configuration of (r)epstopdf for TeX Liv
e
))
*geometry* driver: auto-detecting
*geometry* detected driver: pdftex
*geometry* verbose mode - [ preamble ] result:
* driver: pdftex
* paper: a4paper
* layout: <same size as paper>
* layoutoffset:(h,v)=(0.0pt,0.0pt)
* modes: landscape 
* h-part:(L,W,R)=(28.45274pt, 788.14136pt, 28.45274pt)
* v-part:(T,H,B)=(42.67912pt, 512.14963pt, 42.67912pt)
* \paperwidth=845.04684pt
* \paperheight=597.50787pt
* \textwidth=788.14136pt
* \textheight=512.14963pt
* \oddsidemargin=-43.81725pt
* \evensidemargin=-43.81725pt
* \topmargin=-66.59087pt
* \headheight=12.0pt
* \headsep=25.0pt
* \topskip=10.0pt
* \footskip=30.0pt
* \marginparwidth=57.0pt
* \marginparsep=11.0pt
* \columnsep=10.0pt
* \skip\footins=9.0pt plus 4.0pt minus 2.0pt
* \hoffset=0.0pt
* \voffset=0.0pt
* \mag=1000
* \@twocolumnfalse
* \@twosidefalse
* \@mparswitchfalse
* \@reversemarginfalse
* (1in=72.27pt=25.4mm, 1cm=28.453pt)

\AtBeginShipoutBox=\box59
Package hyperref Info: Link coloring OFF on input line 18.
(/usr/share/texlive/texmf-dist/tex/latex/hyperref/nameref.sty
Package: nameref 2016/05/21 v2.44 Cross-referencing by name of section

(/usr/share/texlive/texmf-dist/tex/generic/oberdiek/gettitlestring.sty
Package: gettitlestring 2016/05/16 v1.5 Cleanup title references (HO)
)
\c@section@level=\count143
)
LaTeX Info: Redefining \ref on input line 18.
LaTeX Info: Redefining \pageref on input line 18.
LaTeX Info: Redefining \nameref on input line 18.

(./book.out) (./book.out)
\@outlinefile=\write3
\openout3 = `book.out'.

\Etoc@tf=\read2
LaTeX Font Info:    External font `cmex10' loaded for size
(Font)              <12> on input line 29.
LaTeX Font Info:    External font `cmex10' loaded for size
(Font)              <8> on input line 29.
LaTeX Font Info:    External font `cmex10' loaded for size
(Font)              <6> on input line 29.
 [1

{/var/lib/texmf/fonts/map/pdftex/updmap/pdftex.map}]
LaTeX Font Info:    External font `cmex10' loaded for size
(Font)              <7> on input line 30.
LaTeX Font Info:    External font `cmex10' loaded for size
(Font)              <5> on input line 30.
<doclicense-CC-by-nc-sa.pdf, id=112, 121.45375pt x 43.16125pt>
File: doclicense-CC-by-nc-sa.pdf Graphic file (type pdf)
<use doclicense-CC-by-nc-sa.pdf>
Package pdftex.def Info: doclicense-CC-by-nc-sa.pdf  used on input line 30.
(pdftex.def)             Requested size: 99.97559pt x 35.5281pt.
 (./intro.tex
LaTeX Font Info:    Try loading font information for T1+cmtt on input line 36.
 (/usr/share/texlive/texmf-dist/tex/latex/base/t1cmtt.fd
File: t1cmtt.fd 2014/09/29 v2.5h Standard LaTeX font definitions
)
LaTeX Font Info:    External font `cmex10' loaded for size
(Font)              <9> on input line 36.
pdfTeX warning (ext4): destination with the same identifier (name{page.1}) has 
been already used, duplicate ignored
<to be read again> 
                   \relax 
l.40 \newpage
              [1 </usr/share/texlive/texmf-dist/tex/latex/doclicense/images/doc
license-CC-by-nc-sa.pdf>] (./book.toc)
\tf@toc=\write4
\openout4 = `book.toc'.

 [2]
Underfull \hbox (badness 10000) in paragraph at lines 72--73

 []

[3

]) (./corps.tex
<fig/comparaison_modeles.pdf, id=181, 1192.455pt x 794.97pt>
File: fig/comparaison_modeles.pdf Graphic file (type pdf)
<use fig/comparaison_modeles.pdf>
Package pdftex.def Info: fig/comparaison_modeles.pdf  used on input line 2.
(pdftex.def)             Requested size: 788.14136pt x 525.4339pt.

Overfull \vbox (13.28427pt too high) has occurred while \output is active []


[4 <./fig/comparaison_modeles.pdf>]
Chapitre 1.
<fig/grille_Infirmier_100.pdf, id=246, 462.52798pt x 346.89601pt>
File: fig/grille_Infirmier_100.pdf Graphic file (type pdf)
<use fig/grille_Infirmier_100.pdf>
Package pdftex.def Info: fig/grille_Infirmier_100.pdf  used on input line 8.
(pdftex.def)             Requested size: 303.43477pt x 227.58643pt.

Underfull \hbox (badness 10000) in paragraph at lines 43--44

 []

\tf@toc=\write5
\openout5 = `book.toc'.


Underfull \hbox (badness 10000) in paragraph at lines 51--52

 []

[5

 <./fig/grille_Infirmier_100.pdf>]
<fig/Infirmier_100_1975_22_0.pdf, id=305, 2312.64pt x 433.62pt>
File: fig/Infirmier_100_1975_22_0.pdf Graphic file (type pdf)
<use fig/Infirmier_100_1975_22_0.pdf>
Package pdftex.def Info: fig/Infirmier_100_1975_22_0.pdf  used on input line 13
4.
(pdftex.def)             Requested size: 866.9603pt x 162.55417pt.

Overfull \hbox (31.22298pt too wide) in paragraph at lines 134--135
[] [] 
 []

[6 <./fig/Infirmier_100_1975_22_0.pdf>]
<fig/Infirmier_100_1980_22_0.pdf, id=370, 2312.64pt x 433.62pt>
File: fig/Infirmier_100_1980_22_0.pdf Graphic file (type pdf)
<use fig/Infirmier_100_1980_22_0.pdf>
Package pdftex.def Info: fig/Infirmier_100_1980_22_0.pdf  used on input line 21
5.
(pdftex.def)             Requested size: 866.9603pt x 162.55417pt.

Overfull \hbox (31.22298pt too wide) in paragraph at lines 215--216
[] [] 
 []

[7 <./fig/Infirmier_100_1980_22_0.pdf>]
<fig/Infirmier_100_1990_22_0.pdf, id=432, 2312.64pt x 433.62pt>
File: fig/Infirmier_100_1990_22_0.pdf Graphic file (type pdf)
<use fig/Infirmier_100_1990_22_0.pdf>
Package pdftex.def Info: fig/Infirmier_100_1990_22_0.pdf  used on input line 29
6.
(pdftex.def)             Requested size: 866.9603pt x 162.55417pt.

Overfull \hbox (31.22298pt too wide) in paragraph at lines 296--297
[] [] 
 []

[8 <./fig/Infirmier_100_1990_22_0.pdf>]
<fig/Infirmier_100_2003_22_0.pdf, id=494, 2312.64pt x 433.62pt>
File: fig/Infirmier_100_2003_22_0.pdf Graphic file (type pdf)
<use fig/Infirmier_100_2003_22_0.pdf>
Package pdftex.def Info: fig/Infirmier_100_2003_22_0.pdf  used on input line 37
7.
(pdftex.def)             Requested size: 866.9603pt x 162.55417pt.

Overfull \hbox (31.22298pt too wide) in paragraph at lines 377--378
[] [] 
 []

[9 <./fig/Infirmier_100_2003_22_0.pdf>]
Chapitre 2.
<fig/grille_AideSoignant_100.pdf, id=556, 462.52798pt x 346.89601pt>
File: fig/grille_AideSoignant_100.pdf Graphic file (type pdf)
<use fig/grille_AideSoignant_100.pdf>
Package pdftex.def Info: fig/grille_AideSoignant_100.pdf  used on input line 38
3.
(pdftex.def)             Requested size: 303.43477pt x 227.58643pt.

Underfull \hbox (badness 10000) in paragraph at lines 428--429

 []


Underfull \hbox (badness 10000) in paragraph at lines 436--437

 []

[10

 <./fig/grille_AideSoignant_100.pdf>]
<fig/AideSoignant_100_1975_22_0.pdf, id=611, 2312.64pt x 433.62pt>
File: fig/AideSoignant_100_1975_22_0.pdf Graphic file (type pdf)
<use fig/AideSoignant_100_1975_22_0.pdf>
Package pdftex.def Info: fig/AideSoignant_100_1975_22_0.pdf  used on input line
 519.
(pdftex.def)             Requested size: 866.9603pt x 162.55417pt.

Overfull \hbox (31.22298pt too wide) in paragraph at lines 519--520
[] [] 
 []

[11 <./fig/AideSoignant_100_1975_22_0.pdf>]
<fig/AideSoignant_100_1980_22_0.pdf, id=673, 2312.64pt x 433.62pt>
File: fig/AideSoignant_100_1980_22_0.pdf Graphic file (type pdf)
<use fig/AideSoignant_100_1980_22_0.pdf>
Package pdftex.def Info: fig/AideSoignant_100_1980_22_0.pdf  used on input line
 600.
(pdftex.def)             Requested size: 866.9603pt x 162.55417pt.

Overfull \hbox (31.22298pt too wide) in paragraph at lines 600--601
[] [] 
 []

[12 <./fig/AideSoignant_100_1980_22_0.pdf>]
<fig/AideSoignant_100_1990_22_0.pdf, id=737, 2312.64pt x 433.62pt>
File: fig/AideSoignant_100_1990_22_0.pdf Graphic file (type pdf)
<use fig/AideSoignant_100_1990_22_0.pdf>
Package pdftex.def Info: fig/AideSoignant_100_1990_22_0.pdf  used on input line
 681.
(pdftex.def)             Requested size: 866.9603pt x 162.55417pt.

Overfull \hbox (31.22298pt too wide) in paragraph at lines 681--682
[] [] 
 []

[13 <./fig/AideSoignant_100_1990_22_0.pdf>]
<fig/AideSoignant_100_2003_22_0.pdf, id=799, 2312.64pt x 433.62pt>
File: fig/AideSoignant_100_2003_22_0.pdf Graphic file (type pdf)
<use fig/AideSoignant_100_2003_22_0.pdf>
Package pdftex.def Info: fig/AideSoignant_100_2003_22_0.pdf  used on input line
 762.
(pdftex.def)             Requested size: 866.9603pt x 162.55417pt.

Overfull \hbox (31.22298pt too wide) in paragraph at lines 762--763
[] [] 
 []

[14 <./fig/AideSoignant_100_2003_22_0.pdf>]
Chapitre 3.
<fig/grille_TechHosp_100.pdf, id=861, 462.52798pt x 346.89601pt>
File: fig/grille_TechHosp_100.pdf Graphic file (type pdf)
<use fig/grille_TechHosp_100.pdf>
Package pdftex.def Info: fig/grille_TechHosp_100.pdf  used on input line 768.
(pdftex.def)             Requested size: 303.43477pt x 227.58643pt.

Underfull \hbox (badness 10000) in paragraph at lines 807--808

 []


Underfull \hbox (badness 10000) in paragraph at lines 815--816

 []

[15

 <./fig/grille_TechHosp_100.pdf>]
<fig/TechHosp_100_1975_22_0.pdf, id=912, 2312.64pt x 433.62pt>
File: fig/TechHosp_100_1975_22_0.pdf Graphic file (type pdf)
<use fig/TechHosp_100_1975_22_0.pdf>
Package pdftex.def Info: fig/TechHosp_100_1975_22_0.pdf  used on input line 898
.
(pdftex.def)             Requested size: 866.9603pt x 162.55417pt.

Overfull \hbox (31.22298pt too wide) in paragraph at lines 898--899
[] [] 
 []

[16 <./fig/TechHosp_100_1975_22_0.pdf>]
<fig/TechHosp_100_1980_22_0.pdf, id=974, 2312.64pt x 433.62pt>
File: fig/TechHosp_100_1980_22_0.pdf Graphic file (type pdf)
<use fig/TechHosp_100_1980_22_0.pdf>
Package pdftex.def Info: fig/TechHosp_100_1980_22_0.pdf  used on input line 979
.
(pdftex.def)             Requested size: 866.9603pt x 162.55417pt.

Overfull \hbox (31.22298pt too wide) in paragraph at lines 979--980
[] [] 
 []

[17 <./fig/TechHosp_100_1980_22_0.pdf>]
<fig/TechHosp_100_1990_22_0.pdf, id=1036, 2312.64pt x 433.62pt>
File: fig/TechHosp_100_1990_22_0.pdf Graphic file (type pdf)
<use fig/TechHosp_100_1990_22_0.pdf>
Package pdftex.def Info: fig/TechHosp_100_1990_22_0.pdf  used on input line 106
0.
(pdftex.def)             Requested size: 866.9603pt x 162.55417pt.

Overfull \hbox (31.22298pt too wide) in paragraph at lines 1060--1061
[] [] 
 []

[18 <./fig/TechHosp_100_1990_22_0.pdf>]
<fig/TechHosp_100_2003_22_0.pdf, id=1099, 2312.64pt x 433.62pt>
File: fig/TechHosp_100_2003_22_0.pdf Graphic file (type pdf)
<use fig/TechHosp_100_2003_22_0.pdf>
Package pdftex.def Info: fig/TechHosp_100_2003_22_0.pdf  used on input line 114
1.
(pdftex.def)             Requested size: 866.9603pt x 162.55417pt.

Overfull \hbox (31.22298pt too wide) in paragraph at lines 1141--1142
[] [] 
 []

[19 <./fig/TechHosp_100_2003_22_0.pdf>]
Chapitre 4.
<fig/grille_AdjTech_100.pdf, id=1161, 462.52798pt x 346.89601pt>
File: fig/grille_AdjTech_100.pdf Graphic file (type pdf)
<use fig/grille_AdjTech_100.pdf>
Package pdftex.def Info: fig/grille_AdjTech_100.pdf  used on input line 1147.
(pdftex.def)             Requested size: 303.43477pt x 227.58643pt.

Underfull \hbox (badness 10000) in paragraph at lines 1198--1199

 []


Underfull \hbox (badness 10000) in paragraph at lines 1206--1207

 []

[20

 <./fig/grille_AdjTech_100.pdf>]
<fig/AdjTech_100_1975_22_0.pdf, id=1216, 2312.64pt x 433.62pt>
File: fig/AdjTech_100_1975_22_0.pdf Graphic file (type pdf)
<use fig/AdjTech_100_1975_22_0.pdf>
Package pdftex.def Info: fig/AdjTech_100_1975_22_0.pdf  used on input line 1289
.
(pdftex.def)             Requested size: 866.9603pt x 162.55417pt.

Overfull \hbox (31.22298pt too wide) in paragraph at lines 1289--1290
[] [] 
 []

[21 <./fig/AdjTech_100_1975_22_0.pdf>]
<fig/AdjTech_100_1980_22_0.pdf, id=1279, 2312.64pt x 433.62pt>
File: fig/AdjTech_100_1980_22_0.pdf Graphic file (type pdf)
<use fig/AdjTech_100_1980_22_0.pdf>
Package pdftex.def Info: fig/AdjTech_100_1980_22_0.pdf  used on input line 1370
.
(pdftex.def)             Requested size: 866.9603pt x 162.55417pt.

Overfull \hbox (31.22298pt too wide) in paragraph at lines 1370--1371
[] [] 
 []

[22 <./fig/AdjTech_100_1980_22_0.pdf>]
<fig/AdjTech_100_1990_22_0.pdf, id=1341, 2312.64pt x 433.62pt>
File: fig/AdjTech_100_1990_22_0.pdf Graphic file (type pdf)
<use fig/AdjTech_100_1990_22_0.pdf>
Package pdftex.def Info: fig/AdjTech_100_1990_22_0.pdf  used on input line 1451
.
(pdftex.def)             Requested size: 866.9603pt x 162.55417pt.

Overfull \hbox (31.22298pt too wide) in paragraph at lines 1451--1452
[] [] 
 []

[23 <./fig/AdjTech_100_1990_22_0.pdf>]
<fig/AdjTech_100_2003_22_0.pdf, id=1403, 2312.64pt x 433.62pt>
File: fig/AdjTech_100_2003_22_0.pdf Graphic file (type pdf)
<use fig/AdjTech_100_2003_22_0.pdf>
Package pdftex.def Info: fig/AdjTech_100_2003_22_0.pdf  used on input line 1532
.
(pdftex.def)             Requested size: 866.9603pt x 162.55417pt.

Overfull \hbox (31.22298pt too wide) in paragraph at lines 1532--1533
[] [] 
 []

[24 <./fig/AdjTech_100_2003_22_0.pdf>]
Chapitre 5.
<fig/grille_Redacteur_100.pdf, id=1466, 462.52798pt x 346.89601pt>
File: fig/grille_Redacteur_100.pdf Graphic file (type pdf)
<use fig/grille_Redacteur_100.pdf>
Package pdftex.def Info: fig/grille_Redacteur_100.pdf  used on input line 1538.

(pdftex.def)             Requested size: 303.43477pt x 227.58643pt.

Underfull \hbox (badness 10000) in paragraph at lines 1583--1584

 []


Underfull \hbox (badness 10000) in paragraph at lines 1591--1592

 []

[25

 <./fig/grille_Redacteur_100.pdf>]
<fig/Redacteur_100_1975_22_0.pdf, id=1517, 2312.64pt x 433.62pt>
File: fig/Redacteur_100_1975_22_0.pdf Graphic file (type pdf)
<use fig/Redacteur_100_1975_22_0.pdf>
Package pdftex.def Info: fig/Redacteur_100_1975_22_0.pdf  used on input line 16
74.
(pdftex.def)             Requested size: 866.9603pt x 162.55417pt.

Overfull \hbox (31.22298pt too wide) in paragraph at lines 1674--1675
[] [] 
 []

[26 <./fig/Redacteur_100_1975_22_0.pdf>]
<fig/Redacteur_100_1980_22_0.pdf, id=1579, 2312.64pt x 433.62pt>
File: fig/Redacteur_100_1980_22_0.pdf Graphic file (type pdf)
<use fig/Redacteur_100_1980_22_0.pdf>
Package pdftex.def Info: fig/Redacteur_100_1980_22_0.pdf  used on input line 17
55.
(pdftex.def)             Requested size: 866.9603pt x 162.55417pt.

Overfull \hbox (31.22298pt too wide) in paragraph at lines 1755--1756
[] [] 
 []

[27 <./fig/Redacteur_100_1980_22_0.pdf>]
<fig/Redacteur_100_1990_22_0.pdf, id=1641, 2312.64pt x 433.62pt>
File: fig/Redacteur_100_1990_22_0.pdf Graphic file (type pdf)
<use fig/Redacteur_100_1990_22_0.pdf>
Package pdftex.def Info: fig/Redacteur_100_1990_22_0.pdf  used on input line 18
36.
(pdftex.def)             Requested size: 866.9603pt x 162.55417pt.

Overfull \hbox (31.22298pt too wide) in paragraph at lines 1836--1837
[] [] 
 []

[28 <./fig/Redacteur_100_1990_22_0.pdf>]
<fig/Redacteur_100_2003_22_0.pdf, id=1703, 2312.64pt x 433.62pt>
File: fig/Redacteur_100_2003_22_0.pdf Graphic file (type pdf)
<use fig/Redacteur_100_2003_22_0.pdf>
Package pdftex.def Info: fig/Redacteur_100_2003_22_0.pdf  used on input line 19
17.
(pdftex.def)             Requested size: 866.9603pt x 162.55417pt.

Overfull \hbox (31.22298pt too wide) in paragraph at lines 1917--1918
[] [] 
 []

[29 <./fig/Redacteur_100_2003_22_0.pdf>]
Chapitre 6.
<fig/grille_SecretaireAdmin_100.pdf, id=1765, 462.52798pt x 346.89601pt>
File: fig/grille_SecretaireAdmin_100.pdf Graphic file (type pdf)
<use fig/grille_SecretaireAdmin_100.pdf>
Package pdftex.def Info: fig/grille_SecretaireAdmin_100.pdf  used on input line
 1923.
(pdftex.def)             Requested size: 303.43477pt x 227.58643pt.

Underfull \hbox (badness 10000) in paragraph at lines 1962--1963

 []


Underfull \hbox (badness 10000) in paragraph at lines 1970--1971

 []

[30

 <./fig/grille_SecretaireAdmin_100.pdf>]
<fig/SecretaireAdmin_100_1975_22_0.pdf, id=1817, 2312.64pt x 433.62pt>
File: fig/SecretaireAdmin_100_1975_22_0.pdf Graphic file (type pdf)
<use fig/SecretaireAdmin_100_1975_22_0.pdf>
Package pdftex.def Info: fig/SecretaireAdmin_100_1975_22_0.pdf  used on input l
ine 2053.
(pdftex.def)             Requested size: 866.9603pt x 162.55417pt.

Overfull \hbox (31.22298pt too wide) in paragraph at lines 2053--2054
[] [] 
 []

[31 <./fig/SecretaireAdmin_100_1975_22_0.pdf>]
<fig/SecretaireAdmin_100_1980_22_0.pdf, id=1879, 2312.64pt x 433.62pt>
File: fig/SecretaireAdmin_100_1980_22_0.pdf Graphic file (type pdf)
<use fig/SecretaireAdmin_100_1980_22_0.pdf>
Package pdftex.def Info: fig/SecretaireAdmin_100_1980_22_0.pdf  used on input l
ine 2134.
(pdftex.def)             Requested size: 866.9603pt x 162.55417pt.

Overfull \hbox (31.22298pt too wide) in paragraph at lines 2134--2135
[] [] 
 []

[32 <./fig/SecretaireAdmin_100_1980_22_0.pdf>]
<fig/SecretaireAdmin_100_1990_22_0.pdf, id=1941, 2312.64pt x 433.62pt>
File: fig/SecretaireAdmin_100_1990_22_0.pdf Graphic file (type pdf)
<use fig/SecretaireAdmin_100_1990_22_0.pdf>
Package pdftex.def Info: fig/SecretaireAdmin_100_1990_22_0.pdf  used on input l
ine 2215.
(pdftex.def)             Requested size: 866.9603pt x 162.55417pt.

Overfull \hbox (31.22298pt too wide) in paragraph at lines 2215--2216
[] [] 
 []

[33 <./fig/SecretaireAdmin_100_1990_22_0.pdf>]
<fig/SecretaireAdmin_100_2003_22_0.pdf, id=2003, 2312.64pt x 433.62pt>
File: fig/SecretaireAdmin_100_2003_22_0.pdf Graphic file (type pdf)
<use fig/SecretaireAdmin_100_2003_22_0.pdf>
Package pdftex.def Info: fig/SecretaireAdmin_100_2003_22_0.pdf  used on input l
ine 2296.
(pdftex.def)             Requested size: 866.9603pt x 162.55417pt.

Overfull \hbox (31.22298pt too wide) in paragraph at lines 2296--2297
[] [] 
 []

[34 <./fig/SecretaireAdmin_100_2003_22_0.pdf>]
Chapitre 7.
<fig/grille_ATSEM_100.pdf, id=2065, 462.52798pt x 346.89601pt>
File: fig/grille_ATSEM_100.pdf Graphic file (type pdf)
<use fig/grille_ATSEM_100.pdf>
Package pdftex.def Info: fig/grille_ATSEM_100.pdf  used on input line 2302.
(pdftex.def)             Requested size: 303.43477pt x 227.58643pt.

Underfull \hbox (badness 10000) in paragraph at lines 2345--2346

 []


Underfull \hbox (badness 10000) in paragraph at lines 2353--2354

 []

[35

 <./fig/grille_ATSEM_100.pdf>]
<fig/ATSEM_100_1975_22_0.pdf, id=2120, 2312.64pt x 433.62pt>
File: fig/ATSEM_100_1975_22_0.pdf Graphic file (type pdf)
<use fig/ATSEM_100_1975_22_0.pdf>
Package pdftex.def Info: fig/ATSEM_100_1975_22_0.pdf  used on input line 2436.
(pdftex.def)             Requested size: 866.9603pt x 162.55417pt.

Overfull \hbox (31.22298pt too wide) in paragraph at lines 2436--2437
[] [] 
 []

[36 <./fig/ATSEM_100_1975_22_0.pdf>]
<fig/ATSEM_100_1980_22_0.pdf, id=2183, 2312.64pt x 433.62pt>
File: fig/ATSEM_100_1980_22_0.pdf Graphic file (type pdf)
<use fig/ATSEM_100_1980_22_0.pdf>
Package pdftex.def Info: fig/ATSEM_100_1980_22_0.pdf  used on input line 2517.
(pdftex.def)             Requested size: 866.9603pt x 162.55417pt.

Overfull \hbox (31.22298pt too wide) in paragraph at lines 2517--2518
[] [] 
 []

[37 <./fig/ATSEM_100_1980_22_0.pdf>]
<fig/ATSEM_100_1990_22_0.pdf, id=2245, 2312.64pt x 433.62pt>
File: fig/ATSEM_100_1990_22_0.pdf Graphic file (type pdf)
<use fig/ATSEM_100_1990_22_0.pdf>
Package pdftex.def Info: fig/ATSEM_100_1990_22_0.pdf  used on input line 2598.
(pdftex.def)             Requested size: 866.9603pt x 162.55417pt.

Overfull \hbox (31.22298pt too wide) in paragraph at lines 2598--2599
[] [] 
 []

[38 <./fig/ATSEM_100_1990_22_0.pdf>]
<fig/ATSEM_100_2003_22_0.pdf, id=2307, 2312.64pt x 433.62pt>
File: fig/ATSEM_100_2003_22_0.pdf Graphic file (type pdf)
<use fig/ATSEM_100_2003_22_0.pdf>
Package pdftex.def Info: fig/ATSEM_100_2003_22_0.pdf  used on input line 2679.
(pdftex.def)             Requested size: 866.9603pt x 162.55417pt.

Overfull \hbox (31.22298pt too wide) in paragraph at lines 2679--2680
[] [] 
 []

[39 <./fig/ATSEM_100_2003_22_0.pdf>]
Chapitre 8.
<fig/grille_ProfEcoles_100.pdf, id=2370, 462.52798pt x 346.89601pt>
File: fig/grille_ProfEcoles_100.pdf Graphic file (type pdf)
<use fig/grille_ProfEcoles_100.pdf>
Package pdftex.def Info: fig/grille_ProfEcoles_100.pdf  used on input line 2685
.
(pdftex.def)             Requested size: 303.43477pt x 227.58643pt.

Underfull \hbox (badness 10000) in paragraph at lines 2718--2719

 []


Underfull \hbox (badness 10000) in paragraph at lines 2726--2727

 []

[40

 <./fig/grille_ProfEcoles_100.pdf>]
<fig/ProfEcoles_100_1975_22_0.pdf, id=2421, 2312.64pt x 433.62pt>
File: fig/ProfEcoles_100_1975_22_0.pdf Graphic file (type pdf)
<use fig/ProfEcoles_100_1975_22_0.pdf>
Package pdftex.def Info: fig/ProfEcoles_100_1975_22_0.pdf  used on input line 2
809.
(pdftex.def)             Requested size: 866.9603pt x 162.55417pt.

Overfull \hbox (31.22298pt too wide) in paragraph at lines 2809--2810
[] [] 
 []

[41 <./fig/ProfEcoles_100_1975_22_0.pdf>]
<fig/ProfEcoles_100_1980_22_0.pdf, id=2483, 2312.64pt x 433.62pt>
File: fig/ProfEcoles_100_1980_22_0.pdf Graphic file (type pdf)
<use fig/ProfEcoles_100_1980_22_0.pdf>
Package pdftex.def Info: fig/ProfEcoles_100_1980_22_0.pdf  used on input line 2
890.
(pdftex.def)             Requested size: 866.9603pt x 162.55417pt.

Overfull \hbox (31.22298pt too wide) in paragraph at lines 2890--2891
[] [] 
 []

[42 <./fig/ProfEcoles_100_1980_22_0.pdf>]
<fig/ProfEcoles_100_1990_22_0.pdf, id=2546, 2312.64pt x 433.62pt>
File: fig/ProfEcoles_100_1990_22_0.pdf Graphic file (type pdf)
<use fig/ProfEcoles_100_1990_22_0.pdf>
Package pdftex.def Info: fig/ProfEcoles_100_1990_22_0.pdf  used on input line 2
971.
(pdftex.def)             Requested size: 866.9603pt x 162.55417pt.

Overfull \hbox (31.22298pt too wide) in paragraph at lines 2971--2972
[] [] 
 []

[43 <./fig/ProfEcoles_100_1990_22_0.pdf>]
<fig/ProfEcoles_100_2003_22_0.pdf, id=2608, 2312.64pt x 433.62pt>
File: fig/ProfEcoles_100_2003_22_0.pdf Graphic file (type pdf)
<use fig/ProfEcoles_100_2003_22_0.pdf>
Package pdftex.def Info: fig/ProfEcoles_100_2003_22_0.pdf  used on input line 3
052.
(pdftex.def)             Requested size: 866.9603pt x 162.55417pt.

Overfull \hbox (31.22298pt too wide) in paragraph at lines 3052--3053
[] [] 
 []

[44 <./fig/ProfEcoles_100_2003_22_0.pdf>]
Chapitre 9.
<fig/grille_ProfCertifie_100.pdf, id=2670, 462.52798pt x 346.89601pt>
File: fig/grille_ProfCertifie_100.pdf Graphic file (type pdf)
<use fig/grille_ProfCertifie_100.pdf>
Package pdftex.def Info: fig/grille_ProfCertifie_100.pdf  used on input line 30
58.
(pdftex.def)             Requested size: 303.43477pt x 227.58643pt.

Underfull \hbox (badness 10000) in paragraph at lines 3091--3092

 []


Underfull \hbox (badness 10000) in paragraph at lines 3099--3100

 []

[45

 <./fig/grille_ProfCertifie_100.pdf>]
<fig/ProfCertifie_100_1975_22_0.pdf, id=2723, 2312.64pt x 433.62pt>
File: fig/ProfCertifie_100_1975_22_0.pdf Graphic file (type pdf)
<use fig/ProfCertifie_100_1975_22_0.pdf>
Package pdftex.def Info: fig/ProfCertifie_100_1975_22_0.pdf  used on input line
 3182.
(pdftex.def)             Requested size: 866.9603pt x 162.55417pt.

Overfull \hbox (31.22298pt too wide) in paragraph at lines 3182--3183
[] [] 
 []

[46 <./fig/ProfCertifie_100_1975_22_0.pdf>]
<fig/ProfCertifie_100_1980_22_0.pdf, id=2785, 2312.64pt x 433.62pt>
File: fig/ProfCertifie_100_1980_22_0.pdf Graphic file (type pdf)
<use fig/ProfCertifie_100_1980_22_0.pdf>
Package pdftex.def Info: fig/ProfCertifie_100_1980_22_0.pdf  used on input line
 3263.
(pdftex.def)             Requested size: 866.9603pt x 162.55417pt.

Overfull \hbox (31.22298pt too wide) in paragraph at lines 3263--3264
[] [] 
 []

[47 <./fig/ProfCertifie_100_1980_22_0.pdf>]
<fig/ProfCertifie_100_1990_22_0.pdf, id=2847, 2312.64pt x 433.62pt>
File: fig/ProfCertifie_100_1990_22_0.pdf Graphic file (type pdf)
<use fig/ProfCertifie_100_1990_22_0.pdf>
Package pdftex.def Info: fig/ProfCertifie_100_1990_22_0.pdf  used on input line
 3344.
(pdftex.def)             Requested size: 866.9603pt x 162.55417pt.

Overfull \hbox (31.22298pt too wide) in paragraph at lines 3344--3345
[] [] 
 []

[48 <./fig/ProfCertifie_100_1990_22_0.pdf>]
<fig/ProfCertifie_100_2003_22_0.pdf, id=2911, 2312.64pt x 433.62pt>
File: fig/ProfCertifie_100_2003_22_0.pdf Graphic file (type pdf)
<use fig/ProfCertifie_100_2003_22_0.pdf>
Package pdftex.def Info: fig/ProfCertifie_100_2003_22_0.pdf  used on input line
 3425.
(pdftex.def)             Requested size: 866.9603pt x 162.55417pt.

Overfull \hbox (31.22298pt too wide) in paragraph at lines 3425--3426
[] [] 
 []

[49 <./fig/ProfCertifie_100_2003_22_0.pdf>]
Chapitre 10.
<fig/grille_ProfAgrege_100.pdf, id=2973, 462.52798pt x 346.89601pt>
File: fig/grille_ProfAgrege_100.pdf Graphic file (type pdf)
<use fig/grille_ProfAgrege_100.pdf>
Package pdftex.def Info: fig/grille_ProfAgrege_100.pdf  used on input line 3431
.
(pdftex.def)             Requested size: 303.43477pt x 227.58643pt.

Underfull \hbox (badness 10000) in paragraph at lines 3470--3471

 []


Underfull \hbox (badness 10000) in paragraph at lines 3478--3479

 []

[50

 <./fig/grille_ProfAgrege_100.pdf>]
<fig/ProfAgrege_100_1975_22_0.pdf, id=3028, 2312.64pt x 433.62pt>
File: fig/ProfAgrege_100_1975_22_0.pdf Graphic file (type pdf)
<use fig/ProfAgrege_100_1975_22_0.pdf>
Package pdftex.def Info: fig/ProfAgrege_100_1975_22_0.pdf  used on input line 3
561.
(pdftex.def)             Requested size: 866.9603pt x 162.55417pt.

Overfull \hbox (31.22298pt too wide) in paragraph at lines 3561--3562
[] [] 
 []

[51 <./fig/ProfAgrege_100_1975_22_0.pdf>]
<fig/ProfAgrege_100_1980_22_0.pdf, id=3090, 2312.64pt x 433.62pt>
File: fig/ProfAgrege_100_1980_22_0.pdf Graphic file (type pdf)
<use fig/ProfAgrege_100_1980_22_0.pdf>
Package pdftex.def Info: fig/ProfAgrege_100_1980_22_0.pdf  used on input line 3
642.
(pdftex.def)             Requested size: 866.9603pt x 162.55417pt.

Overfull \hbox (31.22298pt too wide) in paragraph at lines 3642--3643
[] [] 
 []

[52 <./fig/ProfAgrege_100_1980_22_0.pdf>]
<fig/ProfAgrege_100_1990_22_0.pdf, id=3152, 2312.64pt x 433.62pt>
File: fig/ProfAgrege_100_1990_22_0.pdf Graphic file (type pdf)
<use fig/ProfAgrege_100_1990_22_0.pdf>
Package pdftex.def Info: fig/ProfAgrege_100_1990_22_0.pdf  used on input line 3
723.
(pdftex.def)             Requested size: 866.9603pt x 162.55417pt.

Overfull \hbox (31.22298pt too wide) in paragraph at lines 3723--3724
[] [] 
 []

[53 <./fig/ProfAgrege_100_1990_22_0.pdf>]
<fig/ProfAgrege_100_2003_22_0.pdf, id=3214, 2312.64pt x 433.62pt>
File: fig/ProfAgrege_100_2003_22_0.pdf Graphic file (type pdf)
<use fig/ProfAgrege_100_2003_22_0.pdf>
Package pdftex.def Info: fig/ProfAgrege_100_2003_22_0.pdf  used on input line 3
804.
(pdftex.def)             Requested size: 866.9603pt x 162.55417pt.

Overfull \hbox (31.22298pt too wide) in paragraph at lines 3804--3805
[] [] 
 []

[54 <./fig/ProfAgrege_100_2003_22_0.pdf>]
Chapitre 11.
<fig/grille_BIATSS_100.pdf, id=3277, 462.52798pt x 346.89601pt>
File: fig/grille_BIATSS_100.pdf Graphic file (type pdf)
<use fig/grille_BIATSS_100.pdf>
Package pdftex.def Info: fig/grille_BIATSS_100.pdf  used on input line 3810.
(pdftex.def)             Requested size: 303.43477pt x 227.58643pt.

Underfull \hbox (badness 10000) in paragraph at lines 3851--3852

 []


Underfull \hbox (badness 10000) in paragraph at lines 3859--3860

 []

[55

 <./fig/grille_BIATSS_100.pdf>]
<fig/BIATSS_100_1975_22_0.pdf, id=3332, 2312.64pt x 433.62pt>
File: fig/BIATSS_100_1975_22_0.pdf Graphic file (type pdf)
<use fig/BIATSS_100_1975_22_0.pdf>
Package pdftex.def Info: fig/BIATSS_100_1975_22_0.pdf  used on input line 3942.

(pdftex.def)             Requested size: 866.9603pt x 162.55417pt.

Overfull \hbox (31.22298pt too wide) in paragraph at lines 3942--3943
[] [] 
 []

[56 <./fig/BIATSS_100_1975_22_0.pdf>]
<fig/BIATSS_100_1980_22_0.pdf, id=3394, 2312.64pt x 433.62pt>
File: fig/BIATSS_100_1980_22_0.pdf Graphic file (type pdf)
<use fig/BIATSS_100_1980_22_0.pdf>
Package pdftex.def Info: fig/BIATSS_100_1980_22_0.pdf  used on input line 4023.

(pdftex.def)             Requested size: 866.9603pt x 162.55417pt.

Overfull \hbox (31.22298pt too wide) in paragraph at lines 4023--4024
[] [] 
 []

[57 <./fig/BIATSS_100_1980_22_0.pdf>]
<fig/BIATSS_100_1990_22_0.pdf, id=3457, 2312.64pt x 433.62pt>
File: fig/BIATSS_100_1990_22_0.pdf Graphic file (type pdf)
<use fig/BIATSS_100_1990_22_0.pdf>
Package pdftex.def Info: fig/BIATSS_100_1990_22_0.pdf  used on input line 4104.

(pdftex.def)             Requested size: 866.9603pt x 162.55417pt.

Overfull \hbox (31.22298pt too wide) in paragraph at lines 4104--4105
[] [] 
 []

[58 <./fig/BIATSS_100_1990_22_0.pdf>]
<fig/BIATSS_100_2003_22_0.pdf, id=3519, 2312.64pt x 433.62pt>
File: fig/BIATSS_100_2003_22_0.pdf Graphic file (type pdf)
<use fig/BIATSS_100_2003_22_0.pdf>
Package pdftex.def Info: fig/BIATSS_100_2003_22_0.pdf  used on input line 4185.

(pdftex.def)             Requested size: 866.9603pt x 162.55417pt.

Overfull \hbox (31.22298pt too wide) in paragraph at lines 4185--4186
[] [] 
 []

[59 <./fig/BIATSS_100_2003_22_0.pdf>]
Chapitre 12.
<fig/grille_MCF_100.pdf, id=3581, 462.52798pt x 346.89601pt>
File: fig/grille_MCF_100.pdf Graphic file (type pdf)
<use fig/grille_MCF_100.pdf>
Package pdftex.def Info: fig/grille_MCF_100.pdf  used on input line 4191.
(pdftex.def)             Requested size: 303.43477pt x 227.58643pt.

Underfull \hbox (badness 10000) in paragraph at lines 4230--4231

 []


Underfull \hbox (badness 10000) in paragraph at lines 4238--4239

 []

[60

 <./fig/grille_MCF_100.pdf>]
<fig/MCF_100_1975_23_0.pdf, id=3647, 2312.64pt x 433.62pt>
File: fig/MCF_100_1975_23_0.pdf Graphic file (type pdf)
<use fig/MCF_100_1975_23_0.pdf>
Package pdftex.def Info: fig/MCF_100_1975_23_0.pdf  used on input line 4321.
(pdftex.def)             Requested size: 866.9603pt x 162.55417pt.

Overfull \hbox (31.22298pt too wide) in paragraph at lines 4321--4322
[] [] 
 []

[61 <./fig/MCF_100_1975_23_0.pdf>]
<fig/MCF_100_1980_23_0.pdf, id=3709, 2312.64pt x 433.62pt>
File: fig/MCF_100_1980_23_0.pdf Graphic file (type pdf)
<use fig/MCF_100_1980_23_0.pdf>
Package pdftex.def Info: fig/MCF_100_1980_23_0.pdf  used on input line 4402.
(pdftex.def)             Requested size: 866.9603pt x 162.55417pt.

Overfull \hbox (31.22298pt too wide) in paragraph at lines 4402--4403
[] [] 
 []

[62 <./fig/MCF_100_1980_23_0.pdf>]
<fig/MCF_100_1990_23_0.pdf, id=3771, 2312.64pt x 433.62pt>
File: fig/MCF_100_1990_23_0.pdf Graphic file (type pdf)
<use fig/MCF_100_1990_23_0.pdf>
Package pdftex.def Info: fig/MCF_100_1990_23_0.pdf  used on input line 4483.
(pdftex.def)             Requested size: 866.9603pt x 162.55417pt.

Overfull \hbox (31.22298pt too wide) in paragraph at lines 4483--4484
[] [] 
 []

[63 <./fig/MCF_100_1990_23_0.pdf>]
<fig/MCF_100_2003_23_0.pdf, id=3833, 2312.64pt x 433.62pt>
File: fig/MCF_100_2003_23_0.pdf Graphic file (type pdf)
<use fig/MCF_100_2003_23_0.pdf>
Package pdftex.def Info: fig/MCF_100_2003_23_0.pdf  used on input line 4564.
(pdftex.def)             Requested size: 866.9603pt x 162.55417pt.

Overfull \hbox (31.22298pt too wide) in paragraph at lines 4564--4565
[] [] 
 []

[64 <./fig/MCF_100_2003_23_0.pdf>]
Chapitre 13.
<fig/grille_CR_100.pdf, id=3895, 462.52798pt x 346.89601pt>
File: fig/grille_CR_100.pdf Graphic file (type pdf)
<use fig/grille_CR_100.pdf>
Package pdftex.def Info: fig/grille_CR_100.pdf  used on input line 4570.
(pdftex.def)             Requested size: 303.43477pt x 227.58643pt.

Underfull \hbox (badness 10000) in paragraph at lines 4609--4610

 []


Underfull \hbox (badness 10000) in paragraph at lines 4617--4618

 []

[65

 <./fig/grille_CR_100.pdf>]
<fig/CR_100_1975_23_0.pdf, id=3958, 2312.64pt x 433.62pt>
File: fig/CR_100_1975_23_0.pdf Graphic file (type pdf)
<use fig/CR_100_1975_23_0.pdf>
Package pdftex.def Info: fig/CR_100_1975_23_0.pdf  used on input line 4700.
(pdftex.def)             Requested size: 866.9603pt x 162.55417pt.

Overfull \hbox (31.22298pt too wide) in paragraph at lines 4700--4701
[] [] 
 []

[66 <./fig/CR_100_1975_23_0.pdf>]
<fig/CR_100_1980_23_0.pdf, id=4022, 2312.64pt x 433.62pt>
File: fig/CR_100_1980_23_0.pdf Graphic file (type pdf)
<use fig/CR_100_1980_23_0.pdf>
Package pdftex.def Info: fig/CR_100_1980_23_0.pdf  used on input line 4781.
(pdftex.def)             Requested size: 866.9603pt x 162.55417pt.

Overfull \hbox (31.22298pt too wide) in paragraph at lines 4781--4782
[] [] 
 []

[67 <./fig/CR_100_1980_23_0.pdf>]
<fig/CR_100_1990_23_0.pdf, id=4084, 2312.64pt x 433.62pt>
File: fig/CR_100_1990_23_0.pdf Graphic file (type pdf)
<use fig/CR_100_1990_23_0.pdf>
Package pdftex.def Info: fig/CR_100_1990_23_0.pdf  used on input line 4862.
(pdftex.def)             Requested size: 866.9603pt x 162.55417pt.

Overfull \hbox (31.22298pt too wide) in paragraph at lines 4862--4863
[] [] 
 []

[68 <./fig/CR_100_1990_23_0.pdf>]
<fig/CR_100_2003_23_0.pdf, id=4146, 2312.64pt x 433.62pt>
File: fig/CR_100_2003_23_0.pdf Graphic file (type pdf)
<use fig/CR_100_2003_23_0.pdf>
Package pdftex.def Info: fig/CR_100_2003_23_0.pdf  used on input line 4943.
(pdftex.def)             Requested size: 866.9603pt x 162.55417pt.

Overfull \hbox (31.22298pt too wide) in paragraph at lines 4943--4944
[] [] 
 []

[69 <./fig/CR_100_2003_23_0.pdf>]
Chapitre 14.
<fig/grille_PR_100.pdf, id=4208, 462.52798pt x 346.89601pt>
File: fig/grille_PR_100.pdf Graphic file (type pdf)
<use fig/grille_PR_100.pdf>
Package pdftex.def Info: fig/grille_PR_100.pdf  used on input line 4949.
(pdftex.def)             Requested size: 303.43477pt x 227.58643pt.

Underfull \hbox (badness 10000) in paragraph at lines 4994--4995

 []


Underfull \hbox (badness 10000) in paragraph at lines 5002--5003

 []

[70

 <./fig/grille_PR_100.pdf>]
<fig/PR_100_1975_23_0.pdf, id=4275, 2312.64pt x 433.62pt>
File: fig/PR_100_1975_23_0.pdf Graphic file (type pdf)
<use fig/PR_100_1975_23_0.pdf>
Package pdftex.def Info: fig/PR_100_1975_23_0.pdf  used on input line 5085.
(pdftex.def)             Requested size: 866.9603pt x 162.55417pt.

Overfull \hbox (31.22298pt too wide) in paragraph at lines 5085--5086
[] [] 
 []

[71 <./fig/PR_100_1975_23_0.pdf>]
<fig/PR_100_1980_23_0.pdf, id=4337, 2312.64pt x 433.62pt>
File: fig/PR_100_1980_23_0.pdf Graphic file (type pdf)
<use fig/PR_100_1980_23_0.pdf>
Package pdftex.def Info: fig/PR_100_1980_23_0.pdf  used on input line 5166.
(pdftex.def)             Requested size: 866.9603pt x 162.55417pt.

Overfull \hbox (31.22298pt too wide) in paragraph at lines 5166--5167
[] [] 
 []

[72 <./fig/PR_100_1980_23_0.pdf>]
<fig/PR_100_1990_23_0.pdf, id=4400, 2312.64pt x 433.62pt>
File: fig/PR_100_1990_23_0.pdf Graphic file (type pdf)
<use fig/PR_100_1990_23_0.pdf>
Package pdftex.def Info: fig/PR_100_1990_23_0.pdf  used on input line 5247.
(pdftex.def)             Requested size: 866.9603pt x 162.55417pt.

Overfull \hbox (31.22298pt too wide) in paragraph at lines 5247--5248
[] [] 
 []

[73 <./fig/PR_100_1990_23_0.pdf>]
<fig/PR_100_2003_23_0.pdf, id=4462, 2312.64pt x 433.62pt>
File: fig/PR_100_2003_23_0.pdf Graphic file (type pdf)
<use fig/PR_100_2003_23_0.pdf>
Package pdftex.def Info: fig/PR_100_2003_23_0.pdf  used on input line 5328.
(pdftex.def)             Requested size: 866.9603pt x 162.55417pt.

Overfull \hbox (31.22298pt too wide) in paragraph at lines 5328--5329
[] [] 
 []

[74 <./fig/PR_100_2003_23_0.pdf>]
Chapitre 15.
<fig/grille_DR_100.pdf, id=4524, 462.52798pt x 346.89601pt>
File: fig/grille_DR_100.pdf Graphic file (type pdf)
<use fig/grille_DR_100.pdf>
Package pdftex.def Info: fig/grille_DR_100.pdf  used on input line 5334.
(pdftex.def)             Requested size: 303.43477pt x 227.58643pt.

Underfull \hbox (badness 10000) in paragraph at lines 5379--5380

 []


Underfull \hbox (badness 10000) in paragraph at lines 5387--5388

 []

[75

 <./fig/grille_DR_100.pdf>]
<fig/DR_100_1975_25_0.pdf, id=4587, 2312.64pt x 433.62pt>
File: fig/DR_100_1975_25_0.pdf Graphic file (type pdf)
<use fig/DR_100_1975_25_0.pdf>
Package pdftex.def Info: fig/DR_100_1975_25_0.pdf  used on input line 5470.
(pdftex.def)             Requested size: 866.9603pt x 162.55417pt.

Overfull \hbox (31.22298pt too wide) in paragraph at lines 5470--5471
[] [] 
 []

[76 <./fig/DR_100_1975_25_0.pdf>]
<fig/DR_100_1980_25_0.pdf, id=4649, 2312.64pt x 433.62pt>
File: fig/DR_100_1980_25_0.pdf Graphic file (type pdf)
<use fig/DR_100_1980_25_0.pdf>
Package pdftex.def Info: fig/DR_100_1980_25_0.pdf  used on input line 5551.
(pdftex.def)             Requested size: 866.9603pt x 162.55417pt.

Overfull \hbox (31.22298pt too wide) in paragraph at lines 5551--5552
[] [] 
 []

[77 <./fig/DR_100_1980_25_0.pdf>]
<fig/DR_100_1990_25_0.pdf, id=4711, 2312.64pt x 433.62pt>
File: fig/DR_100_1990_25_0.pdf Graphic file (type pdf)
<use fig/DR_100_1990_25_0.pdf>
Package pdftex.def Info: fig/DR_100_1990_25_0.pdf  used on input line 5632.
(pdftex.def)             Requested size: 866.9603pt x 162.55417pt.

Overfull \hbox (31.22298pt too wide) in paragraph at lines 5632--5633
[] [] 
 []

[78 <./fig/DR_100_1990_25_0.pdf>]
<fig/DR_100_2003_25_0.pdf, id=4774, 2312.64pt x 433.62pt>
File: fig/DR_100_2003_25_0.pdf Graphic file (type pdf)
<use fig/DR_100_2003_25_0.pdf>
Package pdftex.def Info: fig/DR_100_2003_25_0.pdf  used on input line 5713.
(pdftex.def)             Requested size: 866.9603pt x 162.55417pt.

Overfull \hbox (31.22298pt too wide) in paragraph at lines 5713--5714
[] [] 
 []

[79 <./fig/DR_100_2003_25_0.pdf>]
Chapitre 16.
<fig/grille_Magistrat_100.pdf, id=4836, 462.52798pt x 346.89601pt>
File: fig/grille_Magistrat_100.pdf Graphic file (type pdf)
<use fig/grille_Magistrat_100.pdf>
Package pdftex.def Info: fig/grille_Magistrat_100.pdf  used on input line 5719.

(pdftex.def)             Requested size: 303.43477pt x 227.58643pt.

Underfull \hbox (badness 10000) in paragraph at lines 5768--5769

 []


Underfull \hbox (badness 10000) in paragraph at lines 5776--5777

 []

[80

 <./fig/grille_Magistrat_100.pdf>]
<fig/Magistrat_100_1975_22_0.pdf, id=4891, 2312.64pt x 433.62pt>
File: fig/Magistrat_100_1975_22_0.pdf Graphic file (type pdf)
<use fig/Magistrat_100_1975_22_0.pdf>
Package pdftex.def Info: fig/Magistrat_100_1975_22_0.pdf  used on input line 58
59.
(pdftex.def)             Requested size: 866.9603pt x 162.55417pt.

Overfull \hbox (31.22298pt too wide) in paragraph at lines 5859--5860
[] [] 
 []

[81 <./fig/Magistrat_100_1975_22_0.pdf>]
<fig/Magistrat_100_1980_22_0.pdf, id=4953, 2312.64pt x 433.62pt>
File: fig/Magistrat_100_1980_22_0.pdf Graphic file (type pdf)
<use fig/Magistrat_100_1980_22_0.pdf>
Package pdftex.def Info: fig/Magistrat_100_1980_22_0.pdf  used on input line 59
40.
(pdftex.def)             Requested size: 866.9603pt x 162.55417pt.

Overfull \hbox (31.22298pt too wide) in paragraph at lines 5940--5941
[] [] 
 []

[82 <./fig/Magistrat_100_1980_22_0.pdf>]
<fig/Magistrat_100_1990_22_0.pdf, id=5015, 2312.64pt x 433.62pt>
File: fig/Magistrat_100_1990_22_0.pdf Graphic file (type pdf)
<use fig/Magistrat_100_1990_22_0.pdf>
Package pdftex.def Info: fig/Magistrat_100_1990_22_0.pdf  used on input line 60
21.
(pdftex.def)             Requested size: 866.9603pt x 162.55417pt.

Overfull \hbox (31.22298pt too wide) in paragraph at lines 6021--6022
[] [] 
 []

[83 <./fig/Magistrat_100_1990_22_0.pdf>]
<fig/Magistrat_100_2003_22_0.pdf, id=5077, 2312.64pt x 433.62pt>
File: fig/Magistrat_100_2003_22_0.pdf Graphic file (type pdf)
<use fig/Magistrat_100_2003_22_0.pdf>
Package pdftex.def Info: fig/Magistrat_100_2003_22_0.pdf  used on input line 61
02.
(pdftex.def)             Requested size: 866.9603pt x 162.55417pt.

Overfull \hbox (31.22298pt too wide) in paragraph at lines 6102--6103
[] [] 
 []

[84 <./fig/Magistrat_100_2003_22_0.pdf>]
Chapitre 17.

Underfull \hbox (badness 10000) in paragraph at lines 6108--6109

 []


Underfull \hbox (badness 10000) in paragraph at lines 6116--6117

 []

[85

]
<fig/SMPT_100_1975_22_0.pdf, id=5155, 2312.64pt x 433.62pt>
File: fig/SMPT_100_1975_22_0.pdf Graphic file (type pdf)
<use fig/SMPT_100_1975_22_0.pdf>
Package pdftex.def Info: fig/SMPT_100_1975_22_0.pdf  used on input line 6199.
(pdftex.def)             Requested size: 866.9603pt x 162.55417pt.

Overfull \hbox (31.22298pt too wide) in paragraph at lines 6199--6200
[] [] 
 []

[86 <./fig/SMPT_100_1975_22_0.pdf>]
<fig/SMPT_100_1980_22_0.pdf, id=5217, 2312.64pt x 433.62pt>
File: fig/SMPT_100_1980_22_0.pdf Graphic file (type pdf)
<use fig/SMPT_100_1980_22_0.pdf>
Package pdftex.def Info: fig/SMPT_100_1980_22_0.pdf  used on input line 6280.
(pdftex.def)             Requested size: 866.9603pt x 162.55417pt.

Overfull \hbox (31.22298pt too wide) in paragraph at lines 6280--6281
[] [] 
 []

[87 <./fig/SMPT_100_1980_22_0.pdf>]
<fig/SMPT_100_1990_22_0.pdf, id=5279, 2312.64pt x 433.62pt>
File: fig/SMPT_100_1990_22_0.pdf Graphic file (type pdf)
<use fig/SMPT_100_1990_22_0.pdf>
Package pdftex.def Info: fig/SMPT_100_1990_22_0.pdf  used on input line 6361.
(pdftex.def)             Requested size: 866.9603pt x 162.55417pt.

Overfull \hbox (31.22298pt too wide) in paragraph at lines 6361--6362
[] [] 
 []

[88 <./fig/SMPT_100_1990_22_0.pdf>]
<fig/SMPT_100_2003_22_0.pdf, id=5341, 2312.64pt x 433.62pt>
File: fig/SMPT_100_2003_22_0.pdf Graphic file (type pdf)
<use fig/SMPT_100_2003_22_0.pdf>
Package pdftex.def Info: fig/SMPT_100_2003_22_0.pdf  used on input line 6442.
(pdftex.def)             Requested size: 866.9603pt x 162.55417pt.

Overfull \hbox (31.22298pt too wide) in paragraph at lines 6442--6443
[] [] 
 []

[89 <./fig/SMPT_100_2003_22_0.pdf>]
Chapitre 18.

Underfull \hbox (badness 10000) in paragraph at lines 6448--6449

 []


Underfull \hbox (badness 10000) in paragraph at lines 6456--6457

 []

[90

]
<fig/SMIC_100_1975_22_0.pdf, id=5418, 2312.64pt x 433.62pt>
File: fig/SMIC_100_1975_22_0.pdf Graphic file (type pdf)
<use fig/SMIC_100_1975_22_0.pdf>
Package pdftex.def Info: fig/SMIC_100_1975_22_0.pdf  used on input line 6539.
(pdftex.def)             Requested size: 866.9603pt x 162.55417pt.

Overfull \hbox (31.22298pt too wide) in paragraph at lines 6539--6540
[] [] 
 []

[91 <./fig/SMIC_100_1975_22_0.pdf>]
<fig/SMIC_100_1980_22_0.pdf, id=5480, 2312.64pt x 433.62pt>
File: fig/SMIC_100_1980_22_0.pdf Graphic file (type pdf)
<use fig/SMIC_100_1980_22_0.pdf>
Package pdftex.def Info: fig/SMIC_100_1980_22_0.pdf  used on input line 6620.
(pdftex.def)             Requested size: 866.9603pt x 162.55417pt.

Overfull \hbox (31.22298pt too wide) in paragraph at lines 6620--6621
[] [] 
 []

[92 <./fig/SMIC_100_1980_22_0.pdf>]
<fig/SMIC_100_1990_22_0.pdf, id=5542, 2312.64pt x 433.62pt>
File: fig/SMIC_100_1990_22_0.pdf Graphic file (type pdf)
<use fig/SMIC_100_1990_22_0.pdf>
Package pdftex.def Info: fig/SMIC_100_1990_22_0.pdf  used on input line 6701.
(pdftex.def)             Requested size: 866.9603pt x 162.55417pt.

Overfull \hbox (31.22298pt too wide) in paragraph at lines 6701--6702
[] [] 
 []

[93 <./fig/SMIC_100_1990_22_0.pdf>]
<fig/SMIC_100_2003_22_0.pdf, id=5604, 2312.64pt x 433.62pt>
File: fig/SMIC_100_2003_22_0.pdf Graphic file (type pdf)
<use fig/SMIC_100_2003_22_0.pdf>
Package pdftex.def Info: fig/SMIC_100_2003_22_0.pdf  used on input line 6782.
(pdftex.def)             Requested size: 866.9603pt x 162.55417pt.

Overfull \hbox (31.22298pt too wide) in paragraph at lines 6782--6783
[] [] 
 []

[94 <./fig/SMIC_100_2003_22_0.pdf>]
Chapitre 19.

Underfull \hbox (badness 10000) in paragraph at lines 6788--6789

 []


Underfull \hbox (badness 10000) in paragraph at lines 6796--6797

 []

[95

]
<fig/Ascendant12_100_1975_22_0.pdf, id=5680, 2312.64pt x 433.62pt>
File: fig/Ascendant12_100_1975_22_0.pdf Graphic file (type pdf)
<use fig/Ascendant12_100_1975_22_0.pdf>
Package pdftex.def Info: fig/Ascendant12_100_1975_22_0.pdf  used on input line 
6879.
(pdftex.def)             Requested size: 866.9603pt x 162.55417pt.

Overfull \hbox (31.22298pt too wide) in paragraph at lines 6879--6880
[] [] 
 []

[96 <./fig/Ascendant12_100_1975_22_0.pdf>]
<fig/Ascendant12_100_1980_22_0.pdf, id=5743, 2312.64pt x 433.62pt>
File: fig/Ascendant12_100_1980_22_0.pdf Graphic file (type pdf)
<use fig/Ascendant12_100_1980_22_0.pdf>
Package pdftex.def Info: fig/Ascendant12_100_1980_22_0.pdf  used on input line 
6960.
(pdftex.def)             Requested size: 866.9603pt x 162.55417pt.

Overfull \hbox (31.22298pt too wide) in paragraph at lines 6960--6961
[] [] 
 []

[97 <./fig/Ascendant12_100_1980_22_0.pdf>]
<fig/Ascendant12_100_1990_22_0.pdf, id=5805, 2312.64pt x 433.62pt>
File: fig/Ascendant12_100_1990_22_0.pdf Graphic file (type pdf)
<use fig/Ascendant12_100_1990_22_0.pdf>
Package pdftex.def Info: fig/Ascendant12_100_1990_22_0.pdf  used on input line 
7041.
(pdftex.def)             Requested size: 866.9603pt x 162.55417pt.

Overfull \hbox (31.22298pt too wide) in paragraph at lines 7041--7042
[] [] 
 []

[98 <./fig/Ascendant12_100_1990_22_0.pdf>]
<fig/Ascendant12_100_2003_22_0.pdf, id=5867, 2312.64pt x 433.62pt>
File: fig/Ascendant12_100_2003_22_0.pdf Graphic file (type pdf)
<use fig/Ascendant12_100_2003_22_0.pdf>
Package pdftex.def Info: fig/Ascendant12_100_2003_22_0.pdf  used on input line 
7122.
(pdftex.def)             Requested size: 866.9603pt x 162.55417pt.

Overfull \hbox (31.22298pt too wide) in paragraph at lines 7122--7123
[] [] 
 []

[99 <./fig/Ascendant12_100_2003_22_0.pdf>]
Chapitre 20.

Underfull \hbox (badness 10000) in paragraph at lines 7128--7129

 []


Underfull \hbox (badness 10000) in paragraph at lines 7136--7137

 []

[100

]
<fig/Ascendant1525_100_1975_22_0.pdf, id=5943, 2312.64pt x 433.62pt>
File: fig/Ascendant1525_100_1975_22_0.pdf Graphic file (type pdf)
<use fig/Ascendant1525_100_1975_22_0.pdf>
Package pdftex.def Info: fig/Ascendant1525_100_1975_22_0.pdf  used on input lin
e 7219.
(pdftex.def)             Requested size: 866.9603pt x 162.55417pt.

Overfull \hbox (31.22298pt too wide) in paragraph at lines 7219--7220
[] [] 
 []

[101 <./fig/Ascendant1525_100_1975_22_0.pdf>]
<fig/Ascendant1525_100_1980_22_0.pdf, id=6005, 2312.64pt x 433.62pt>
File: fig/Ascendant1525_100_1980_22_0.pdf Graphic file (type pdf)
<use fig/Ascendant1525_100_1980_22_0.pdf>
Package pdftex.def Info: fig/Ascendant1525_100_1980_22_0.pdf  used on input lin
e 7300.
(pdftex.def)             Requested size: 866.9603pt x 162.55417pt.

Overfull \hbox (31.22298pt too wide) in paragraph at lines 7300--7301
[] [] 
 []

[102 <./fig/Ascendant1525_100_1980_22_0.pdf>]
<fig/Ascendant1525_100_1990_22_0.pdf, id=6068, 2312.64pt x 433.62pt>
File: fig/Ascendant1525_100_1990_22_0.pdf Graphic file (type pdf)
<use fig/Ascendant1525_100_1990_22_0.pdf>
Package pdftex.def Info: fig/Ascendant1525_100_1990_22_0.pdf  used on input lin
e 7381.
(pdftex.def)             Requested size: 866.9603pt x 162.55417pt.

Overfull \hbox (31.22298pt too wide) in paragraph at lines 7381--7382
[] [] 
 []

[103 <./fig/Ascendant1525_100_1990_22_0.pdf>]
<fig/Ascendant1525_100_2003_22_0.pdf, id=6130, 2312.64pt x 433.62pt>
File: fig/Ascendant1525_100_2003_22_0.pdf Graphic file (type pdf)
<use fig/Ascendant1525_100_2003_22_0.pdf>
Package pdftex.def Info: fig/Ascendant1525_100_2003_22_0.pdf  used on input lin
e 7462.
(pdftex.def)             Requested size: 866.9603pt x 162.55417pt.

Overfull \hbox (31.22298pt too wide) in paragraph at lines 7462--7463
[] [] 
 []

[104 <./fig/Ascendant1525_100_2003_22_0.pdf>]
Chapitre 21.

Underfull \hbox (badness 10000) in paragraph at lines 7468--7469

 []


Underfull \hbox (badness 10000) in paragraph at lines 7476--7477

 []

[105

]
<fig/Ascendant23_100_1975_22_0.pdf, id=6207, 2312.64pt x 433.62pt>
File: fig/Ascendant23_100_1975_22_0.pdf Graphic file (type pdf)
<use fig/Ascendant23_100_1975_22_0.pdf>
Package pdftex.def Info: fig/Ascendant23_100_1975_22_0.pdf  used on input line 
7559.
(pdftex.def)             Requested size: 866.9603pt x 162.55417pt.

Overfull \hbox (31.22298pt too wide) in paragraph at lines 7559--7560
[] [] 
 []

[106 <./fig/Ascendant23_100_1975_22_0.pdf>]
<fig/Ascendant23_100_1980_22_0.pdf, id=6269, 2312.64pt x 433.62pt>
File: fig/Ascendant23_100_1980_22_0.pdf Graphic file (type pdf)
<use fig/Ascendant23_100_1980_22_0.pdf>
Package pdftex.def Info: fig/Ascendant23_100_1980_22_0.pdf  used on input line 
7640.
(pdftex.def)             Requested size: 866.9603pt x 162.55417pt.

Overfull \hbox (31.22298pt too wide) in paragraph at lines 7640--7641
[] [] 
 []

[107 <./fig/Ascendant23_100_1980_22_0.pdf>]
<fig/Ascendant23_100_1990_22_0.pdf, id=6331, 2312.64pt x 433.62pt>
File: fig/Ascendant23_100_1990_22_0.pdf Graphic file (type pdf)
<use fig/Ascendant23_100_1990_22_0.pdf>
Package pdftex.def Info: fig/Ascendant23_100_1990_22_0.pdf  used on input line 
7721.
(pdftex.def)             Requested size: 866.9603pt x 162.55417pt.

Overfull \hbox (31.22298pt too wide) in paragraph at lines 7721--7722
[] [] 
 []

[108 <./fig/Ascendant23_100_1990_22_0.pdf>]
<fig/Ascendant23_100_2003_22_0.pdf, id=6394, 2312.64pt x 433.62pt>
File: fig/Ascendant23_100_2003_22_0.pdf Graphic file (type pdf)
<use fig/Ascendant23_100_2003_22_0.pdf>
Package pdftex.def Info: fig/Ascendant23_100_2003_22_0.pdf  used on input line 
7802.
(pdftex.def)             Requested size: 866.9603pt x 162.55417pt.

Overfull \hbox (31.22298pt too wide) in paragraph at lines 7802--7803
[] [] 
 []

[109 <./fig/Ascendant23_100_2003_22_0.pdf>]
Chapitre 22.

Underfull \hbox (badness 10000) in paragraph at lines 7808--7809

 []


Underfull \hbox (badness 10000) in paragraph at lines 7816--7817

 []

[110

]
<fig/Ascendant34_100_1975_22_0.pdf, id=6470, 2312.64pt x 433.62pt>
File: fig/Ascendant34_100_1975_22_0.pdf Graphic file (type pdf)
<use fig/Ascendant34_100_1975_22_0.pdf>
Package pdftex.def Info: fig/Ascendant34_100_1975_22_0.pdf  used on input line 
7899.
(pdftex.def)             Requested size: 866.9603pt x 162.55417pt.

Overfull \hbox (31.22298pt too wide) in paragraph at lines 7899--7900
[] [] 
 []

[111 <./fig/Ascendant34_100_1975_22_0.pdf>]
<fig/Ascendant34_100_1980_22_0.pdf, id=6532, 2312.64pt x 433.62pt>
File: fig/Ascendant34_100_1980_22_0.pdf Graphic file (type pdf)
<use fig/Ascendant34_100_1980_22_0.pdf>
Package pdftex.def Info: fig/Ascendant34_100_1980_22_0.pdf  used on input line 
7980.
(pdftex.def)             Requested size: 866.9603pt x 162.55417pt.

Overfull \hbox (31.22298pt too wide) in paragraph at lines 7980--7981
[] [] 
 []

[112 <./fig/Ascendant34_100_1980_22_0.pdf>]
<fig/Ascendant34_100_1990_22_0.pdf, id=6594, 2312.64pt x 433.62pt>
File: fig/Ascendant34_100_1990_22_0.pdf Graphic file (type pdf)
<use fig/Ascendant34_100_1990_22_0.pdf>
Package pdftex.def Info: fig/Ascendant34_100_1990_22_0.pdf  used on input line 
8061.
(pdftex.def)             Requested size: 866.9603pt x 162.55417pt.

Overfull \hbox (31.22298pt too wide) in paragraph at lines 8061--8062
[] [] 
 []

[113 <./fig/Ascendant34_100_1990_22_0.pdf>]
<fig/Ascendant34_100_2003_22_0.pdf, id=6656, 2312.64pt x 433.62pt>
File: fig/Ascendant34_100_2003_22_0.pdf Graphic file (type pdf)
<use fig/Ascendant34_100_2003_22_0.pdf>
Package pdftex.def Info: fig/Ascendant34_100_2003_22_0.pdf  used on input line 
8142.
(pdftex.def)             Requested size: 866.9603pt x 162.55417pt.

Overfull \hbox (31.22298pt too wide) in paragraph at lines 8142--8143
[] [] 
 []

[114 <./fig/Ascendant34_100_2003_22_0.pdf>]
Chapitre 23.

Underfull \hbox (badness 10000) in paragraph at lines 8148--8149

 []


Underfull \hbox (badness 10000) in paragraph at lines 8156--8157

 []

[115

]
<fig/Ascendant45_100_1975_22_0.pdf, id=6733, 2312.64pt x 433.62pt>
File: fig/Ascendant45_100_1975_22_0.pdf Graphic file (type pdf)
<use fig/Ascendant45_100_1975_22_0.pdf>
Package pdftex.def Info: fig/Ascendant45_100_1975_22_0.pdf  used on input line 
8239.
(pdftex.def)             Requested size: 866.9603pt x 162.55417pt.

Overfull \hbox (31.22298pt too wide) in paragraph at lines 8239--8240
[] [] 
 []

[116 <./fig/Ascendant45_100_1975_22_0.pdf>]
<fig/Ascendant45_100_1980_22_0.pdf, id=6795, 2312.64pt x 433.62pt>
File: fig/Ascendant45_100_1980_22_0.pdf Graphic file (type pdf)
<use fig/Ascendant45_100_1980_22_0.pdf>
Package pdftex.def Info: fig/Ascendant45_100_1980_22_0.pdf  used on input line 
8320.
(pdftex.def)             Requested size: 866.9603pt x 162.55417pt.

Overfull \hbox (31.22298pt too wide) in paragraph at lines 8320--8321
[] [] 
 []

[117 <./fig/Ascendant45_100_1980_22_0.pdf>]
<fig/Ascendant45_100_1990_22_0.pdf, id=6857, 2312.64pt x 433.62pt>
File: fig/Ascendant45_100_1990_22_0.pdf Graphic file (type pdf)
<use fig/Ascendant45_100_1990_22_0.pdf>
Package pdftex.def Info: fig/Ascendant45_100_1990_22_0.pdf  used on input line 
8401.
(pdftex.def)             Requested size: 866.9603pt x 162.55417pt.

Overfull \hbox (31.22298pt too wide) in paragraph at lines 8401--8402
[] [] 
 []

[118 <./fig/Ascendant45_100_1990_22_0.pdf>]
<fig/Ascendant45_100_2003_22_0.pdf, id=6919, 2312.64pt x 433.62pt>
File: fig/Ascendant45_100_2003_22_0.pdf Graphic file (type pdf)
<use fig/Ascendant45_100_2003_22_0.pdf>
Package pdftex.def Info: fig/Ascendant45_100_2003_22_0.pdf  used on input line 
8482.
(pdftex.def)             Requested size: 866.9603pt x 162.55417pt.

Overfull \hbox (31.22298pt too wide) in paragraph at lines 8482--8483
[] [] 
 []

[119 <./fig/Ascendant45_100_2003_22_0.pdf>]
Chapitre 24.

Underfull \hbox (badness 10000) in paragraph at lines 8488--8489

 []


Underfull \hbox (badness 10000) in paragraph at lines 8496--8497

 []

[120

]
<fig/10SMIC_100_1975_22_0.pdf, id=6995, 2312.64pt x 433.62pt>
File: fig/10SMIC_100_1975_22_0.pdf Graphic file (type pdf)
<use fig/10SMIC_100_1975_22_0.pdf>
Package pdftex.def Info: fig/10SMIC_100_1975_22_0.pdf  used on input line 8579.

(pdftex.def)             Requested size: 866.9603pt x 162.55417pt.

Overfull \hbox (31.22298pt too wide) in paragraph at lines 8579--8580
[] [] 
 []

[121 <./fig/10SMIC_100_1975_22_0.pdf>]
<fig/10SMIC_100_1980_22_0.pdf, id=7057, 2312.64pt x 433.62pt>
File: fig/10SMIC_100_1980_22_0.pdf Graphic file (type pdf)
<use fig/10SMIC_100_1980_22_0.pdf>
Package pdftex.def Info: fig/10SMIC_100_1980_22_0.pdf  used on input line 8660.

(pdftex.def)             Requested size: 866.9603pt x 162.55417pt.

Overfull \hbox (31.22298pt too wide) in paragraph at lines 8660--8661
[] [] 
 []

[122 <./fig/10SMIC_100_1980_22_0.pdf>]
<fig/10SMIC_100_1990_22_0.pdf, id=7119, 2312.64pt x 433.62pt>
File: fig/10SMIC_100_1990_22_0.pdf Graphic file (type pdf)
<use fig/10SMIC_100_1990_22_0.pdf>
Package pdftex.def Info: fig/10SMIC_100_1990_22_0.pdf  used on input line 8741.

(pdftex.def)             Requested size: 866.9603pt x 162.55417pt.

Overfull \hbox (31.22298pt too wide) in paragraph at lines 8741--8742
[] [] 
 []

[123 <./fig/10SMIC_100_1990_22_0.pdf>]
<fig/10SMIC_100_2003_22_0.pdf, id=7181, 2312.64pt x 433.62pt>
File: fig/10SMIC_100_2003_22_0.pdf Graphic file (type pdf)
<use fig/10SMIC_100_2003_22_0.pdf>
Package pdftex.def Info: fig/10SMIC_100_2003_22_0.pdf  used on input line 8822.

(pdftex.def)             Requested size: 866.9603pt x 162.55417pt.

Overfull \hbox (31.22298pt too wide) in paragraph at lines 8822--8823
[] [] 
 []

[124 <./fig/10SMIC_100_2003_22_0.pdf>])
Package atveryend Info: Empty hook `BeforeClearDocument' on input line 40.
Package atveryend Info: Empty hook `AfterLastShipout' on input line 40.
 (./book.aux)
Package atveryend Info: Executing hook `AtVeryEndDocument' on input line 40.
Package atveryend Info: Executing hook `AtEndAfterFileList' on input line 40.
Package rerunfilecheck Info: File `book.out' has not changed.
(rerunfilecheck)             Checksum: 1D31DA03694249049E51B602FE0F5607;1926.
 ) 
Here is how much of TeX's memory you used:
 11923 strings out of 494780
 185599 string characters out of 6176875
 354721 words of memory out of 5000000
 14656 multiletter control sequences out of 15000+600000
 20802 words of font info for 46 fonts, out of 8000000 for 9000
 81 hyphenation exceptions out of 8191
 40i,11n,48p,789b,490s stack positions out of 5000i,500n,10000p,200000b,80000s
 </home/scherrer/.texlive2017/texmf-var/fonts/pk/ljfour/jknappen/ec/ecbx1440.
600pk> </home/scherrer/.texlive2017/texmf-var/fonts/pk/ljfour/jknappen/ec/ectt0
800.600pk> </home/scherrer/.texlive2017/texmf-var/fonts/pk/ljfour/jknappen/ec/e
crm0700.600pk> </home/scherrer/.texlive2017/texmf-var/fonts/pk/ljfour/jknappen/
ec/ecti1000.600pk> </home/scherrer/.texlive2017/texmf-var/fonts/pk/ljfour/jknap
pen/ec/ecbx2488.600pk> </home/scherrer/.texlive2017/texmf-var/fonts/pk/ljfour/j
knappen/ec/ecbx0900.600pk> </home/scherrer/.texlive2017/texmf-var/fonts/pk/ljfo
ur/jknappen/ec/ectt0900.600pk> </home/scherrer/.texlive2017/texmf-var/fonts/pk/
ljfour/jknappen/ec/ecti0900.600pk> </home/scherrer/.texlive2017/texmf-var/fonts
/pk/ljfour/jknappen/ec/ecbi1000.600pk> </home/scherrer/.texlive2017/texmf-var/f
onts/pk/ljfour/jknappen/ec/ecbx1000.600pk> </home/scherrer/.texlive2017/texmf-v
ar/fonts/pk/ljfour/jknappen/ec/ecrm1000.600pk> </home/scherrer/.texlive2017/tex
mf-var/fonts/pk/ljfour/jknappen/ec/ecrm0900.600pk> </home/scherrer/.texlive2017
/texmf-var/fonts/pk/ljfour/jknappen/ec/ecrm0800.600pk> </home/scherrer/.texlive
2017/texmf-var/fonts/pk/ljfour/jknappen/ec/ecrm1200.600pk> </home/scherrer/.tex
live2017/texmf-var/fonts/pk/ljfour/jknappen/ec/ecti1728.600pk> </home/scherrer/
.texlive2017/texmf-var/fonts/pk/ljfour/jknappen/ec/ecrm1728.600pk></usr/share/t
exlive/texmf-dist/fonts/type1/public/amsfonts/cm/cmmi10.pfb></usr/share/texlive
/texmf-dist/fonts/type1/public/amsfonts/cm/cmr10.pfb></usr/share/texlive/texmf-
dist/fonts/type1/public/amsfonts/cm/cmsy10.pfb></usr/share/texlive/texmf-dist/f
onts/type1/public/eurosym/feymr10.pfb>
Output written on book.pdf (125 pages, 4054441 bytes).
PDF statistics:
 7895 PDF objects out of 8907 (max. 8388607)
 1592 compressed objects within 16 object streams
 271 named destinations out of 1000 (max. 500000)
 763 words of extra memory for PDF output out of 10000 (max. 10000000)

