\BOOKMARK [0][-]{chapter.1}{Description des mod\350les macro-\351conomiques consid\351r\351s}{}% 1
\BOOKMARK [0][-]{chapter.2}{Infirmi\350re en soins g\351n\351raux \(CN, CS, puis HC\)}{}% 2
\BOOKMARK [0][-]{chapter.3}{Aide-soignante \(CN puis HC\)}{}% 3
\BOOKMARK [0][-]{chapter.4}{Technicien hospitalier}{}% 4
\BOOKMARK [0][-]{chapter.5}{Adjoint Technique \(devenant principal C2 puis C1\)}{}% 5
\BOOKMARK [0][-]{chapter.6}{R\351dacteur territorial \(C2 puis C1\)}{}% 6
\BOOKMARK [0][-]{chapter.7}{Secr\351taire administratif}{}% 7
\BOOKMARK [0][-]{chapter.8}{ATSEM \(C2 puis C1\)}{}% 8
\BOOKMARK [0][-]{chapter.9}{Professeur des \351coles}{}% 9
\BOOKMARK [0][-]{chapter.10}{Professeur certifi\351}{}% 10
\BOOKMARK [0][-]{chapter.11}{Professeur agr\351g\351}{}% 11
\BOOKMARK [0][-]{chapter.12}{BIATSS \(CN puis CS\)}{}% 12
\BOOKMARK [0][-]{chapter.13}{Ma\356tre de Conf\351rences \(CN puis HC\)}{}% 13
\BOOKMARK [0][-]{chapter.14}{Charg\351 de Recherche \(CN puis HC\)}{}% 14
\BOOKMARK [0][-]{chapter.15}{Professeur d'Universit\351 \(MCF, PR2 puis PR1\)}{}% 15
\BOOKMARK [0][-]{chapter.16}{Directeur de Recherche \(CRCN, DR2 puis DR1\)}{}% 16
\BOOKMARK [0][-]{chapter.17}{Magistrat \(second puis premier grade\)}{}% 17
\BOOKMARK [0][-]{chapter.18}{Salari\351 priv\351 au salaire moyen durant toute sa carri\350re}{}% 18
\BOOKMARK [0][-]{chapter.19}{Salari\351 priv\351 au SMIC durant toute sa carri\350re}{}% 19
\BOOKMARK [0][-]{chapter.20}{Salari\351 priv\351 \351voluant du SMIC \340 2*SMIC}{}% 20
\BOOKMARK [0][-]{chapter.21}{Salari\351 priv\351 \351voluant de 1.5*SMIC \340 2.5*SMIC}{}% 21
\BOOKMARK [0][-]{chapter.22}{Salari\351 priv\351 \351voluant de 2*SMIC \340 3*SMIC}{}% 22
\BOOKMARK [0][-]{chapter.23}{Salari\351 priv\351 \351voluant du 3*SMIC \340 4*SMIC}{}% 23
\BOOKMARK [0][-]{chapter.24}{Salari\351 priv\351 \351voluant du 4*SMIC \340 5*SMIC}{}% 24
\BOOKMARK [0][-]{chapter.25}{Salari\351 priv\351 \340 10*SMIC durant toute sa carri\350re}{}% 25
