This is pdfTeX, Version 3.14159265-2.6-1.40.18 (TeX Live 2017/Debian) (preloaded format=pdflatex 2019.10.20)  8 FEB 2020 15:30
entering extended mode
 restricted \write18 enabled.
 %&-line parsing enabled.
**corps.tex
(./corps.tex
LaTeX2e <2017-04-15>
Babel <3.18> and hyphenation patterns for 11 language(s) loaded.
! Undefined control sequence.
l.1 \chapter
            {Infirmière en soins généraux (CN, CS, puis HC)}
? X
 
Here is how much of TeX's memory you used:
 5 strings out of 494780
 126 string characters out of 6176875
 46712 words of memory out of 5000000
 3444 multiletter control sequences out of 15000+600000
 3640 words of font info for 14 fonts, out of 8000000 for 9000
 81 hyphenation exceptions out of 8191
 5i,0n,1p,73b,8s stack positions out of 5000i,500n,10000p,200000b,80000s
No pages of output.
PDF statistics:
 0 PDF objects out of 1000 (max. 8388607)
 0 named destinations out of 1000 (max. 500000)
 1 words of extra memory for PDF output out of 10000 (max. 10000000)

