This is pdfTeX, Version 3.14159265-2.6-1.40.18 (TeX Live 2017/Debian) (preloaded format=pdflatex 2019.10.20)  13 FEB 2020 10:08
entering extended mode
 restricted \write18 enabled.
 %&-line parsing enabled.
**journeemorte1202.tex
(./journeemorte1202.tex
LaTeX2e <2017-04-15>
Babel <3.18> and hyphenation patterns for 11 language(s) loaded.
(/usr/share/texlive/texmf-dist/tex/latex/beamer/beamer.cls
Document Class: beamer 2018/02/20 v3.50 A class for typesetting presentations
(/usr/share/texlive/texmf-dist/tex/latex/beamer/beamerbasemodes.sty
(/usr/share/texlive/texmf-dist/tex/latex/etoolbox/etoolbox.sty
Package: etoolbox 2018/02/11 v2.5e e-TeX tools for LaTeX (JAW)
\etb@tempcnta=\count79
)
\beamer@tempbox=\box26
\beamer@tempcount=\count80
\c@beamerpauses=\count81

(/usr/share/texlive/texmf-dist/tex/latex/beamer/beamerbasedecode.sty
\beamer@slideinframe=\count82
\beamer@minimum=\count83
)
\beamer@commentbox=\box27
\beamer@modecount=\count84
)
(/usr/share/texlive/texmf-dist/tex/generic/oberdiek/ifpdf.sty
Package: ifpdf 2017/03/15 v3.2 Provides the ifpdf switch
)
\headdp=\dimen102
\footheight=\dimen103
\sidebarheight=\dimen104
\beamer@tempdim=\dimen105
\beamer@finalheight=\dimen106
\beamer@animht=\dimen107
\beamer@animdp=\dimen108
\beamer@animwd=\dimen109
\beamer@leftmargin=\dimen110
\beamer@rightmargin=\dimen111
\beamer@leftsidebar=\dimen112
\beamer@rightsidebar=\dimen113
\beamer@boxsize=\dimen114
\beamer@vboxoffset=\dimen115
\beamer@descdefault=\dimen116
\beamer@descriptionwidth=\dimen117
\beamer@lastskip=\skip41
\beamer@areabox=\box28
\beamer@animcurrent=\box29
\beamer@animshowbox=\box30
\beamer@sectionbox=\box31
\beamer@logobox=\box32
\beamer@linebox=\box33
\beamer@sectioncount=\count85
\beamer@subsubsectionmax=\count86
\beamer@subsectionmax=\count87
\beamer@sectionmax=\count88
\beamer@totalheads=\count89
\beamer@headcounter=\count90
\beamer@partstartpage=\count91
\beamer@sectionstartpage=\count92
\beamer@subsectionstartpage=\count93
\beamer@animationtempa=\count94
\beamer@animationtempb=\count95
\beamer@xpos=\count96
\beamer@ypos=\count97
\beamer@ypos@offset=\count98
\beamer@showpartnumber=\count99
\beamer@currentsubsection=\count100
\beamer@coveringdepth=\count101
\beamer@sectionadjust=\count102
\beamer@tocsectionnumber=\count103

(/usr/share/texlive/texmf-dist/tex/latex/beamer/beamerbaseoptions.sty
(/usr/share/texlive/texmf-dist/tex/latex/graphics/keyval.sty
Package: keyval 2014/10/28 v1.15 key=value parser (DPC)
\KV@toks@=\toks14
))
\beamer@paperwidth=\skip42
\beamer@paperheight=\skip43

(/usr/share/texlive/texmf-dist/tex/latex/geometry/geometry.sty
Package: geometry 2010/09/12 v5.6 Page Geometry

(/usr/share/texlive/texmf-dist/tex/generic/oberdiek/ifvtex.sty
Package: ifvtex 2016/05/16 v1.6 Detect VTeX and its facilities (HO)
Package ifvtex Info: VTeX not detected.
)
(/usr/share/texlive/texmf-dist/tex/generic/ifxetex/ifxetex.sty
Package: ifxetex 2010/09/12 v0.6 Provides ifxetex conditional
)
\Gm@cnth=\count104
\Gm@cntv=\count105
\c@Gm@tempcnt=\count106
\Gm@bindingoffset=\dimen118
\Gm@wd@mp=\dimen119
\Gm@odd@mp=\dimen120
\Gm@even@mp=\dimen121
\Gm@layoutwidth=\dimen122
\Gm@layoutheight=\dimen123
\Gm@layouthoffset=\dimen124
\Gm@layoutvoffset=\dimen125
\Gm@dimlist=\toks15
)
(/usr/share/texlive/texmf-dist/tex/latex/base/size11.clo
File: size11.clo 2014/09/29 v1.4h Standard LaTeX file (size option)
)
(/usr/share/texlive/texmf-dist/tex/latex/pgf/basiclayer/pgfcore.sty
(/usr/share/texlive/texmf-dist/tex/latex/graphics/graphicx.sty
Package: graphicx 2017/06/01 v1.1a Enhanced LaTeX Graphics (DPC,SPQR)

(/usr/share/texlive/texmf-dist/tex/latex/graphics/graphics.sty
Package: graphics 2017/06/25 v1.2c Standard LaTeX Graphics (DPC,SPQR)

(/usr/share/texlive/texmf-dist/tex/latex/graphics/trig.sty
Package: trig 2016/01/03 v1.10 sin cos tan (DPC)
)
(/usr/share/texlive/texmf-dist/tex/latex/graphics-cfg/graphics.cfg
File: graphics.cfg 2016/06/04 v1.11 sample graphics configuration
)
Package graphics Info: Driver file: pdftex.def on input line 99.

(/usr/share/texlive/texmf-dist/tex/latex/graphics-def/pdftex.def
File: pdftex.def 2018/01/08 v1.0l Graphics/color driver for pdftex
))
\Gin@req@height=\dimen126
\Gin@req@width=\dimen127
)
(/usr/share/texlive/texmf-dist/tex/latex/pgf/systemlayer/pgfsys.sty
(/usr/share/texlive/texmf-dist/tex/latex/pgf/utilities/pgfrcs.sty
(/usr/share/texlive/texmf-dist/tex/generic/pgf/utilities/pgfutil-common.tex
\pgfutil@everybye=\toks16
\pgfutil@tempdima=\dimen128
\pgfutil@tempdimb=\dimen129

(/usr/share/texlive/texmf-dist/tex/generic/pgf/utilities/pgfutil-common-lists.t
ex)) (/usr/share/texlive/texmf-dist/tex/generic/pgf/utilities/pgfutil-latex.def
\pgfutil@abb=\box34
(/usr/share/texlive/texmf-dist/tex/latex/ms/everyshi.sty
Package: everyshi 2001/05/15 v3.00 EveryShipout Package (MS)
))
(/usr/share/texlive/texmf-dist/tex/generic/pgf/utilities/pgfrcs.code.tex
Package: pgfrcs 2015/08/07 v3.0.1a (rcs-revision 1.31)
))
(/usr/share/texlive/texmf-dist/tex/generic/pgf/systemlayer/pgfsys.code.tex
Package: pgfsys 2014/07/09 v3.0.1a (rcs-revision 1.48)

(/usr/share/texlive/texmf-dist/tex/generic/pgf/utilities/pgfkeys.code.tex
\pgfkeys@pathtoks=\toks17
\pgfkeys@temptoks=\toks18

(/usr/share/texlive/texmf-dist/tex/generic/pgf/utilities/pgfkeysfiltered.code.t
ex
\pgfkeys@tmptoks=\toks19
))
\pgf@x=\dimen130
\pgf@y=\dimen131
\pgf@xa=\dimen132
\pgf@ya=\dimen133
\pgf@xb=\dimen134
\pgf@yb=\dimen135
\pgf@xc=\dimen136
\pgf@yc=\dimen137
\w@pgf@writea=\write3
\r@pgf@reada=\read1
\c@pgf@counta=\count107
\c@pgf@countb=\count108
\c@pgf@countc=\count109
\c@pgf@countd=\count110
\t@pgf@toka=\toks20
\t@pgf@tokb=\toks21
\t@pgf@tokc=\toks22
 (/usr/share/texlive/texmf-dist/tex/generic/pgf/systemlayer/pgf.cfg
File: pgf.cfg 2008/05/14  (rcs-revision 1.7)
)
Driver file for pgf: pgfsys-pdftex.def

(/usr/share/texlive/texmf-dist/tex/generic/pgf/systemlayer/pgfsys-pdftex.def
File: pgfsys-pdftex.def 2014/10/11  (rcs-revision 1.35)

(/usr/share/texlive/texmf-dist/tex/generic/pgf/systemlayer/pgfsys-common-pdf.de
f
File: pgfsys-common-pdf.def 2013/10/10  (rcs-revision 1.13)
)))
(/usr/share/texlive/texmf-dist/tex/generic/pgf/systemlayer/pgfsyssoftpath.code.
tex
File: pgfsyssoftpath.code.tex 2013/09/09  (rcs-revision 1.9)
\pgfsyssoftpath@smallbuffer@items=\count111
\pgfsyssoftpath@bigbuffer@items=\count112
)
(/usr/share/texlive/texmf-dist/tex/generic/pgf/systemlayer/pgfsysprotocol.code.
tex
File: pgfsysprotocol.code.tex 2006/10/16  (rcs-revision 1.4)
)) (/usr/share/texlive/texmf-dist/tex/latex/xcolor/xcolor.sty
Package: xcolor 2016/05/11 v2.12 LaTeX color extensions (UK)

(/usr/share/texlive/texmf-dist/tex/latex/graphics-cfg/color.cfg
File: color.cfg 2016/01/02 v1.6 sample color configuration
)
Package xcolor Info: Driver file: pdftex.def on input line 225.
Package xcolor Info: Model `cmy' substituted by `cmy0' on input line 1348.
Package xcolor Info: Model `hsb' substituted by `rgb' on input line 1352.
Package xcolor Info: Model `RGB' extended on input line 1364.
Package xcolor Info: Model `HTML' substituted by `rgb' on input line 1366.
Package xcolor Info: Model `Hsb' substituted by `hsb' on input line 1367.
Package xcolor Info: Model `tHsb' substituted by `hsb' on input line 1368.
Package xcolor Info: Model `HSB' substituted by `hsb' on input line 1369.
Package xcolor Info: Model `Gray' substituted by `gray' on input line 1370.
Package xcolor Info: Model `wave' substituted by `hsb' on input line 1371.

(/usr/share/texlive/texmf-dist/tex/latex/graphics/dvipsnam.def
File: dvipsnam.def 2016/06/17 v3.0m Driver-dependent file (DPC,SPQR)
))
(/usr/share/texlive/texmf-dist/tex/generic/pgf/basiclayer/pgfcore.code.tex
Package: pgfcore 2010/04/11 v3.0.1a (rcs-revision 1.7)

(/usr/share/texlive/texmf-dist/tex/generic/pgf/math/pgfmath.code.tex
(/usr/share/texlive/texmf-dist/tex/generic/pgf/math/pgfmathcalc.code.tex
(/usr/share/texlive/texmf-dist/tex/generic/pgf/math/pgfmathutil.code.tex)
(/usr/share/texlive/texmf-dist/tex/generic/pgf/math/pgfmathparser.code.tex
\pgfmath@dimen=\dimen138
\pgfmath@count=\count113
\pgfmath@box=\box35
\pgfmath@toks=\toks23
\pgfmath@stack@operand=\toks24
\pgfmath@stack@operation=\toks25
)
(/usr/share/texlive/texmf-dist/tex/generic/pgf/math/pgfmathfunctions.code.tex
(/usr/share/texlive/texmf-dist/tex/generic/pgf/math/pgfmathfunctions.basic.code
.tex)
(/usr/share/texlive/texmf-dist/tex/generic/pgf/math/pgfmathfunctions.trigonomet
ric.code.tex)
(/usr/share/texlive/texmf-dist/tex/generic/pgf/math/pgfmathfunctions.random.cod
e.tex)
(/usr/share/texlive/texmf-dist/tex/generic/pgf/math/pgfmathfunctions.comparison
.code.tex)
(/usr/share/texlive/texmf-dist/tex/generic/pgf/math/pgfmathfunctions.base.code.
tex)
(/usr/share/texlive/texmf-dist/tex/generic/pgf/math/pgfmathfunctions.round.code
.tex)
(/usr/share/texlive/texmf-dist/tex/generic/pgf/math/pgfmathfunctions.misc.code.
tex)
(/usr/share/texlive/texmf-dist/tex/generic/pgf/math/pgfmathfunctions.integerari
thmetics.code.tex)))
(/usr/share/texlive/texmf-dist/tex/generic/pgf/math/pgfmathfloat.code.tex
\c@pgfmathroundto@lastzeros=\count114
))
(/usr/share/texlive/texmf-dist/tex/generic/pgf/basiclayer/pgfcorepoints.code.te
x
File: pgfcorepoints.code.tex 2013/10/07  (rcs-revision 1.27)
\pgf@picminx=\dimen139
\pgf@picmaxx=\dimen140
\pgf@picminy=\dimen141
\pgf@picmaxy=\dimen142
\pgf@pathminx=\dimen143
\pgf@pathmaxx=\dimen144
\pgf@pathminy=\dimen145
\pgf@pathmaxy=\dimen146
\pgf@xx=\dimen147
\pgf@xy=\dimen148
\pgf@yx=\dimen149
\pgf@yy=\dimen150
\pgf@zx=\dimen151
\pgf@zy=\dimen152
)
(/usr/share/texlive/texmf-dist/tex/generic/pgf/basiclayer/pgfcorepathconstruct.
code.tex
File: pgfcorepathconstruct.code.tex 2013/10/07  (rcs-revision 1.29)
\pgf@path@lastx=\dimen153
\pgf@path@lasty=\dimen154
)
(/usr/share/texlive/texmf-dist/tex/generic/pgf/basiclayer/pgfcorepathusage.code
.tex
File: pgfcorepathusage.code.tex 2014/11/02  (rcs-revision 1.24)
\pgf@shorten@end@additional=\dimen155
\pgf@shorten@start@additional=\dimen156
)
(/usr/share/texlive/texmf-dist/tex/generic/pgf/basiclayer/pgfcorescopes.code.te
x
File: pgfcorescopes.code.tex 2015/05/08  (rcs-revision 1.46)
\pgfpic=\box36
\pgf@hbox=\box37
\pgf@layerbox@main=\box38
\pgf@picture@serial@count=\count115
)
(/usr/share/texlive/texmf-dist/tex/generic/pgf/basiclayer/pgfcoregraphicstate.c
ode.tex
File: pgfcoregraphicstate.code.tex 2014/11/02  (rcs-revision 1.12)
\pgflinewidth=\dimen157
)
(/usr/share/texlive/texmf-dist/tex/generic/pgf/basiclayer/pgfcoretransformation
s.code.tex
File: pgfcoretransformations.code.tex 2015/08/07  (rcs-revision 1.20)
\pgf@pt@x=\dimen158
\pgf@pt@y=\dimen159
\pgf@pt@temp=\dimen160
)
(/usr/share/texlive/texmf-dist/tex/generic/pgf/basiclayer/pgfcorequick.code.tex
File: pgfcorequick.code.tex 2008/10/09  (rcs-revision 1.3)
)
(/usr/share/texlive/texmf-dist/tex/generic/pgf/basiclayer/pgfcoreobjects.code.t
ex
File: pgfcoreobjects.code.tex 2006/10/11  (rcs-revision 1.2)
)
(/usr/share/texlive/texmf-dist/tex/generic/pgf/basiclayer/pgfcorepathprocessing
.code.tex
File: pgfcorepathprocessing.code.tex 2013/09/09  (rcs-revision 1.9)
)
(/usr/share/texlive/texmf-dist/tex/generic/pgf/basiclayer/pgfcorearrows.code.te
x
File: pgfcorearrows.code.tex 2015/05/14  (rcs-revision 1.43)
\pgfarrowsep=\dimen161
)
(/usr/share/texlive/texmf-dist/tex/generic/pgf/basiclayer/pgfcoreshade.code.tex
File: pgfcoreshade.code.tex 2013/07/15  (rcs-revision 1.15)
\pgf@max=\dimen162
\pgf@sys@shading@range@num=\count116
)
(/usr/share/texlive/texmf-dist/tex/generic/pgf/basiclayer/pgfcoreimage.code.tex
File: pgfcoreimage.code.tex 2013/07/15  (rcs-revision 1.18)

(/usr/share/texlive/texmf-dist/tex/generic/pgf/basiclayer/pgfcoreexternal.code.
tex
File: pgfcoreexternal.code.tex 2014/07/09  (rcs-revision 1.21)
\pgfexternal@startupbox=\box39
))
(/usr/share/texlive/texmf-dist/tex/generic/pgf/basiclayer/pgfcorelayers.code.te
x
File: pgfcorelayers.code.tex 2013/07/18  (rcs-revision 1.7)
)
(/usr/share/texlive/texmf-dist/tex/generic/pgf/basiclayer/pgfcoretransparency.c
ode.tex
File: pgfcoretransparency.code.tex 2013/09/30  (rcs-revision 1.5)
)
(/usr/share/texlive/texmf-dist/tex/generic/pgf/basiclayer/pgfcorepatterns.code.
tex
File: pgfcorepatterns.code.tex 2013/11/07  (rcs-revision 1.5)
))) (/usr/share/texlive/texmf-dist/tex/latex/pgf/utilities/xxcolor.sty
Package: xxcolor 2003/10/24 ver 0.1
\XC@nummixins=\count117
\XC@countmixins=\count118
)
(/usr/share/texlive/texmf-dist/tex/generic/oberdiek/atbegshi.sty
Package: atbegshi 2016/06/09 v1.18 At begin shipout hook (HO)

(/usr/share/texlive/texmf-dist/tex/generic/oberdiek/infwarerr.sty
Package: infwarerr 2016/05/16 v1.4 Providing info/warning/error messages (HO)
)
(/usr/share/texlive/texmf-dist/tex/generic/oberdiek/ltxcmds.sty
Package: ltxcmds 2016/05/16 v1.23 LaTeX kernel commands for general use (HO)
))
(/usr/share/texlive/texmf-dist/tex/latex/hyperref/hyperref.sty
Package: hyperref 2018/02/06 v6.86b Hypertext links for LaTeX

(/usr/share/texlive/texmf-dist/tex/generic/oberdiek/hobsub-hyperref.sty
Package: hobsub-hyperref 2016/05/16 v1.14 Bundle oberdiek, subset hyperref (HO)


(/usr/share/texlive/texmf-dist/tex/generic/oberdiek/hobsub-generic.sty
Package: hobsub-generic 2016/05/16 v1.14 Bundle oberdiek, subset generic (HO)
Package: hobsub 2016/05/16 v1.14 Construct package bundles (HO)
Package hobsub Info: Skipping package `infwarerr' (already loaded).
Package hobsub Info: Skipping package `ltxcmds' (already loaded).
Package: ifluatex 2016/05/16 v1.4 Provides the ifluatex switch (HO)
Package ifluatex Info: LuaTeX not detected.
Package hobsub Info: Skipping package `ifvtex' (already loaded).
Package: intcalc 2016/05/16 v1.2 Expandable calculations with integers (HO)
Package hobsub Info: Skipping package `ifpdf' (already loaded).
Package: etexcmds 2016/05/16 v1.6 Avoid name clashes with e-TeX commands (HO)
Package etexcmds Info: Could not find \expanded.
(etexcmds)             That can mean that you are not using pdfTeX 1.50 or
(etexcmds)             that some package has redefined \expanded.
(etexcmds)             In the latter case, load this package earlier.
Package: kvsetkeys 2016/05/16 v1.17 Key value parser (HO)
Package: kvdefinekeys 2016/05/16 v1.4 Define keys (HO)
Package: pdftexcmds 2018/01/21 v0.26 Utility functions of pdfTeX for LuaTeX (HO
)
Package pdftexcmds Info: LuaTeX not detected.
Package pdftexcmds Info: \pdf@primitive is available.
Package pdftexcmds Info: \pdf@ifprimitive is available.
Package pdftexcmds Info: \pdfdraftmode found.
Package: pdfescape 2016/05/16 v1.14 Implements pdfTeX's escape features (HO)
Package: bigintcalc 2016/05/16 v1.4 Expandable calculations on big integers (HO
)
Package: bitset 2016/05/16 v1.2 Handle bit-vector datatype (HO)
Package: uniquecounter 2016/05/16 v1.3 Provide unlimited unique counter (HO)
)
Package hobsub Info: Skipping package `hobsub' (already loaded).
Package: letltxmacro 2016/05/16 v1.5 Let assignment for LaTeX macros (HO)
Package: hopatch 2016/05/16 v1.3 Wrapper for package hooks (HO)
Package: xcolor-patch 2016/05/16 xcolor patch
Package: atveryend 2016/05/16 v1.9 Hooks at the very end of document (HO)
Package hobsub Info: Skipping package `atbegshi' (already loaded).
Package: refcount 2016/05/16 v3.5 Data extraction from label references (HO)
Package: hycolor 2016/05/16 v1.8 Color options for hyperref/bookmark (HO)
)
(/usr/share/texlive/texmf-dist/tex/latex/oberdiek/auxhook.sty
Package: auxhook 2016/05/16 v1.4 Hooks for auxiliary files (HO)
)
(/usr/share/texlive/texmf-dist/tex/latex/oberdiek/kvoptions.sty
Package: kvoptions 2016/05/16 v3.12 Key value format for package options (HO)
)
\@linkdim=\dimen163
\Hy@linkcounter=\count119
\Hy@pagecounter=\count120

(/usr/share/texlive/texmf-dist/tex/latex/hyperref/pd1enc.def
File: pd1enc.def 2018/02/06 v6.86b Hyperref: PDFDocEncoding definition (HO)
)
\Hy@SavedSpaceFactor=\count121

(/usr/share/texlive/texmf-dist/tex/latex/latexconfig/hyperref.cfg
File: hyperref.cfg 2002/06/06 v1.2 hyperref configuration of TeXLive
)
Package hyperref Info: Option `bookmarks' set `true' on input line 4383.
Package hyperref Info: Option `bookmarksopen' set `true' on input line 4383.
Package hyperref Info: Option `implicit' set `false' on input line 4383.
Package hyperref Info: Hyper figures OFF on input line 4509.
Package hyperref Info: Link nesting OFF on input line 4514.
Package hyperref Info: Hyper index ON on input line 4517.
Package hyperref Info: Plain pages OFF on input line 4524.
Package hyperref Info: Backreferencing OFF on input line 4529.
Package hyperref Info: Implicit mode OFF; no redefinition of LaTeX internals.
Package hyperref Info: Bookmarks ON on input line 4762.
\c@Hy@tempcnt=\count122

(/usr/share/texlive/texmf-dist/tex/latex/url/url.sty
\Urlmuskip=\muskip10
Package: url 2013/09/16  ver 3.4  Verb mode for urls, etc.
)
LaTeX Info: Redefining \url on input line 5115.
\XeTeXLinkMargin=\dimen164
\Fld@menulength=\count123
\Field@Width=\dimen165
\Fld@charsize=\dimen166
Package hyperref Info: Hyper figures OFF on input line 6369.
Package hyperref Info: Link nesting OFF on input line 6374.
Package hyperref Info: Hyper index ON on input line 6377.
Package hyperref Info: backreferencing OFF on input line 6384.
Package hyperref Info: Link coloring OFF on input line 6389.
Package hyperref Info: Link coloring with OCG OFF on input line 6394.
Package hyperref Info: PDF/A mode OFF on input line 6399.
LaTeX Info: Redefining \ref on input line 6439.
LaTeX Info: Redefining \pageref on input line 6443.
\Hy@abspage=\count124


Package hyperref Message: Stopped early.

)
Package hyperref Info: Driver (autodetected): hpdftex.
 (/usr/share/texlive/texmf-dist/tex/latex/hyperref/hpdftex.def
File: hpdftex.def 2018/02/06 v6.86b Hyperref driver for pdfTeX
\Fld@listcount=\count125
\c@bookmark@seq@number=\count126

(/usr/share/texlive/texmf-dist/tex/latex/oberdiek/rerunfilecheck.sty
Package: rerunfilecheck 2016/05/16 v1.8 Rerun checks for auxiliary files (HO)
Package uniquecounter Info: New unique counter `rerunfilecheck' on input line 2
82.
))
(/usr/share/texlive/texmf-dist/tex/latex/beamer/beamerbaserequires.sty
(/usr/share/texlive/texmf-dist/tex/latex/beamer/beamerbasecompatibility.sty)
(/usr/share/texlive/texmf-dist/tex/latex/beamer/beamerbasefont.sty
(/usr/share/texlive/texmf-dist/tex/latex/amsfonts/amssymb.sty
Package: amssymb 2013/01/14 v3.01 AMS font symbols

(/usr/share/texlive/texmf-dist/tex/latex/amsfonts/amsfonts.sty
Package: amsfonts 2013/01/14 v3.01 Basic AMSFonts support
\@emptytoks=\toks26
\symAMSa=\mathgroup4
\symAMSb=\mathgroup5
LaTeX Font Info:    Overwriting math alphabet `\mathfrak' in version `bold'
(Font)                  U/euf/m/n --> U/euf/b/n on input line 106.
))
(/usr/share/texlive/texmf-dist/tex/latex/sansmathaccent/sansmathaccent.sty
Package: sansmathaccent 2013/03/28

(/usr/share/texlive/texmf-dist/tex/latex/filehook/filehook.sty
Package: filehook 2011/10/12 v0.5d Hooks for input files
)))
(/usr/share/texlive/texmf-dist/tex/latex/beamer/beamerbasetranslator.sty
(/usr/share/texlive/texmf-dist/tex/latex/translator/translator.sty
Package: translator 2018/01/04 v1.12 Easy translation of strings in LaTeX
))
(/usr/share/texlive/texmf-dist/tex/latex/beamer/beamerbasemisc.sty)
(/usr/share/texlive/texmf-dist/tex/latex/beamer/beamerbasetwoscreens.sty)
(/usr/share/texlive/texmf-dist/tex/latex/beamer/beamerbaseoverlay.sty
\beamer@argscount=\count127
\beamer@lastskipcover=\skip44
\beamer@trivlistdepth=\count128
)
(/usr/share/texlive/texmf-dist/tex/latex/beamer/beamerbasetitle.sty)
(/usr/share/texlive/texmf-dist/tex/latex/beamer/beamerbasesection.sty
\c@lecture=\count129
\c@part=\count130
\c@section=\count131
\c@subsection=\count132
\c@subsubsection=\count133
)
(/usr/share/texlive/texmf-dist/tex/latex/beamer/beamerbaseframe.sty
\beamer@framebox=\box40
\beamer@frametitlebox=\box41
\beamer@zoombox=\box42
\beamer@zoomcount=\count134
\beamer@zoomframecount=\count135
\beamer@frametextheight=\dimen167
\c@subsectionslide=\count136
\beamer@frametopskip=\skip45
\beamer@framebottomskip=\skip46
\beamer@frametopskipautobreak=\skip47
\beamer@framebottomskipautobreak=\skip48
\beamer@envbody=\toks27
\framewidth=\dimen168
\c@framenumber=\count137
)
(/usr/share/texlive/texmf-dist/tex/latex/beamer/beamerbaseverbatim.sty
\beamer@verbatimfileout=\write4
)
(/usr/share/texlive/texmf-dist/tex/latex/beamer/beamerbaseframesize.sty
\beamer@splitbox=\box43
\beamer@autobreakcount=\count138
\beamer@autobreaklastheight=\dimen169
\beamer@frametitletoks=\toks28
\beamer@framesubtitletoks=\toks29
)
(/usr/share/texlive/texmf-dist/tex/latex/beamer/beamerbaseframecomponents.sty
\beamer@footins=\box44
)
(/usr/share/texlive/texmf-dist/tex/latex/beamer/beamerbasecolor.sty
\beamer@bg@ht=\dimen170
\beamer@bg@wd=\dimen171
\beamer@bg@dp=\dimen172
)
(/usr/share/texlive/texmf-dist/tex/latex/beamer/beamerbasenotes.sty
\beamer@frameboxcopy=\box45
)
(/usr/share/texlive/texmf-dist/tex/latex/beamer/beamerbasetoc.sty)
(/usr/share/texlive/texmf-dist/tex/latex/beamer/beamerbasetemplates.sty
\beamer@sbttoks=\toks30

(/usr/share/texlive/texmf-dist/tex/latex/beamer/beamerbaseauxtemplates.sty
(/usr/share/texlive/texmf-dist/tex/latex/beamer/beamerbaseboxes.sty
\bmb@box=\box46
\bmb@colorbox=\box47
\bmb@boxshadow=\box48
\bmb@boxshadowball=\box49
\bmb@boxshadowballlarge=\box50
\bmb@temp=\dimen173
\bmb@dima=\dimen174
\bmb@dimb=\dimen175
\bmb@prevheight=\dimen176
)
\beamer@blockheadheight=\dimen177
))
(/usr/share/texlive/texmf-dist/tex/latex/beamer/beamerbaselocalstructure.sty
(/usr/share/texlive/texmf-dist/tex/latex/tools/enumerate.sty
Package: enumerate 2015/07/23 v3.00 enumerate extensions (DPC)
\@enLab=\toks31
)
\c@figure=\count139
\c@table=\count140
\abovecaptionskip=\skip49
\belowcaptionskip=\skip50
)
(/usr/share/texlive/texmf-dist/tex/latex/beamer/beamerbasenavigation.sty
\beamer@section@min@dim=\dimen178
)
(/usr/share/texlive/texmf-dist/tex/latex/beamer/beamerbasetheorems.sty
(/usr/share/texlive/texmf-dist/tex/latex/amsmath/amsmath.sty
Package: amsmath 2017/09/02 v2.17a AMS math features
\@mathmargin=\skip51

For additional information on amsmath, use the `?' option.
(/usr/share/texlive/texmf-dist/tex/latex/amsmath/amstext.sty
Package: amstext 2000/06/29 v2.01 AMS text

(/usr/share/texlive/texmf-dist/tex/latex/amsmath/amsgen.sty
File: amsgen.sty 1999/11/30 v2.0 generic functions
\@emptytoks=\toks32
\ex@=\dimen179
))
(/usr/share/texlive/texmf-dist/tex/latex/amsmath/amsbsy.sty
Package: amsbsy 1999/11/29 v1.2d Bold Symbols
\pmbraise@=\dimen180
)
(/usr/share/texlive/texmf-dist/tex/latex/amsmath/amsopn.sty
Package: amsopn 2016/03/08 v2.02 operator names
)
\inf@bad=\count141
LaTeX Info: Redefining \frac on input line 213.
\uproot@=\count142
\leftroot@=\count143
LaTeX Info: Redefining \overline on input line 375.
\classnum@=\count144
\DOTSCASE@=\count145
LaTeX Info: Redefining \ldots on input line 472.
LaTeX Info: Redefining \dots on input line 475.
LaTeX Info: Redefining \cdots on input line 596.
\Mathstrutbox@=\box51
\strutbox@=\box52
\big@size=\dimen181
LaTeX Font Info:    Redeclaring font encoding OML on input line 712.
LaTeX Font Info:    Redeclaring font encoding OMS on input line 713.
\macc@depth=\count146
\c@MaxMatrixCols=\count147
\dotsspace@=\muskip11
\c@parentequation=\count148
\dspbrk@lvl=\count149
\tag@help=\toks33
\row@=\count150
\column@=\count151
\maxfields@=\count152
\andhelp@=\toks34
\eqnshift@=\dimen182
\alignsep@=\dimen183
\tagshift@=\dimen184
\tagwidth@=\dimen185
\totwidth@=\dimen186
\lineht@=\dimen187
\@envbody=\toks35
\multlinegap=\skip52
\multlinetaggap=\skip53
\mathdisplay@stack=\toks36
LaTeX Info: Redefining \[ on input line 2817.
LaTeX Info: Redefining \] on input line 2818.
)
(/usr/share/texlive/texmf-dist/tex/latex/amscls/amsthm.sty
Package: amsthm 2017/10/31 v2.20.4
\thm@style=\toks37
\thm@bodyfont=\toks38
\thm@headfont=\toks39
\thm@notefont=\toks40
\thm@headpunct=\toks41
\thm@preskip=\skip54
\thm@postskip=\skip55
\thm@headsep=\skip56
\dth@everypar=\toks42
)
\c@theorem=\count153
)
(/usr/share/texlive/texmf-dist/tex/latex/beamer/beamerbasethemes.sty))
(/usr/share/texlive/texmf-dist/tex/latex/beamer/beamerthemedefault.sty
(/usr/share/texlive/texmf-dist/tex/latex/beamer/beamerfontthemedefault.sty)
(/usr/share/texlive/texmf-dist/tex/latex/beamer/beamercolorthemedefault.sty)
(/usr/share/texlive/texmf-dist/tex/latex/beamer/beamerinnerthemedefault.sty
\beamer@dima=\dimen188
\beamer@dimb=\dimen189
)
(/usr/share/texlive/texmf-dist/tex/latex/beamer/beamerouterthemedefault.sty)))
(/usr/share/texlive/texmf-dist/tex/generic/babel/babel.sty
Package: babel 2018/02/14 3.18 The Babel package

(/usr/share/texlive/texmf-dist/tex/generic/babel/switch.def
File: switch.def 2018/02/14 3.18 Babel switching mechanism
)
(/usr/share/texlive/texmf-dist/tex/generic/babel-french/francais.ldf
Language: francais 2018/02/04 v3.4b French support from the babel system


Package francais.ldf Warning: Option `francais' for Babel is *deprecated*,
(francais.ldf)                it might be removed sooner or later. Please
(francais.ldf)                use `french' instead; reported on input line 31.

(/usr/share/texlive/texmf-dist/tex/generic/babel-french/french.ldf
Language: french 2018/02/04 v3.4b French support from the babel system

(/usr/share/texlive/texmf-dist/tex/generic/babel/babel.def
File: babel.def 2018/02/14 3.18 Babel common definitions
\babel@savecnt=\count154
\U@D=\dimen190

(/usr/share/texlive/texmf-dist/tex/generic/babel/txtbabel.def)
LaTeX Info: Redefining \textlatin on input line 1839.
\bbl@dirlevel=\count155
)
\l@acadian = a dialect from \language\l@french 
\FB@nonchar=\count156
Package babel Info: Making : an active character on input line 411.
Package babel Info: Making ; an active character on input line 412.
Package babel Info: Making ! an active character on input line 413.
Package babel Info: Making ? an active character on input line 414.
\FBguill@level=\count157
\FB@everypar=\toks43
\FB@Mht=\dimen191
\mc@charclass=\count158
\mc@charfam=\count159
\mc@charslot=\count160
\std@mcc=\count161
\dec@mcc=\count162
\c@FBcaption@count=\count163
\listindentFB=\skip57
\descindentFB=\skip58
\labelwidthFB=\skip59
\leftmarginFB=\skip60
\parindentFFN=\dimen192
\FBfnindent=\skip61
))
(/usr/share/texlive/texmf-dist/tex/generic/babel-english/american.ldf
Language: american 2017/06/06 v3.3r English support from the babel system

(/usr/share/texlive/texmf-dist/tex/generic/babel-english/english.ldf
Language: english 2017/06/06 v3.3r English support from the babel system
\l@canadian = a dialect from \language\l@american 
\l@australian = a dialect from \language\l@british 
\l@newzealand = a dialect from \language\l@british 
)))
(/usr/share/texlive/texmf-dist/tex/latex/carlisle/scalefnt.sty)
(/usr/share/texlive/texmf-dist/tex/latex/base/inputenc.sty
Package: inputenc 2015/03/17 v1.2c Input encoding file
\inpenc@prehook=\toks44
\inpenc@posthook=\toks45

(/usr/share/texlive/texmf-dist/tex/latex/ucs/utf8x.def
File: utf8x.def 2004/10/17 UCS: Input encoding UTF-8
))
(/usr/share/texlive/texmf-dist/tex/latex/ucs/ucs.sty
Package: ucs 2013/05/11 v2.2 UCS: Unicode input support

(/usr/share/texlive/texmf-dist/tex/latex/ucs/data/uni-global.def
File: uni-global.def 2013/05/13 UCS: Unicode global data
)
\uc@secondtry=\count164
\uc@combtoks=\toks46
\uc@combtoksb=\toks47
\uc@temptokena=\toks48
)
(/usr/share/texlive/texmf-dist/tex/latex/oberdiek/epstopdf.sty
Package: epstopdf 2016/05/15 v2.6 Conversion with epstopdf on the fly (HO)

(/usr/share/texlive/texmf-dist/tex/latex/oberdiek/epstopdf-base.sty
Package: epstopdf-base 2016/05/15 v2.6 Base part for package epstopdf

(/usr/share/texlive/texmf-dist/tex/latex/oberdiek/grfext.sty
Package: grfext 2016/05/16 v1.2 Manage graphics extensions (HO)
)
Package epstopdf-base Info: Redefining graphics rule for `.eps' on input line 4
38.
Package grfext Info: Graphics extension search list:
(grfext)             [.pdf,.png,.jpg,.mps,.jpeg,.jbig2,.jb2,.PDF,.PNG,.JPG,.JPE
G,.JBIG2,.JB2,.eps]
(grfext)             \AppendGraphicsExtensions on input line 456.

(/usr/share/texlive/texmf-dist/tex/latex/latexconfig/epstopdf-sys.cfg
File: epstopdf-sys.cfg 2010/07/13 v1.3 Configuration of (r)epstopdf for TeX Liv
e
)))
(/usr/share/texlive/texmf-dist/tex/latex/pgf/basiclayer/pgf.sty
Package: pgf 2015/08/07 v3.0.1a (rcs-revision 1.15)

(/usr/share/texlive/texmf-dist/tex/generic/pgf/modules/pgfmoduleshapes.code.tex
File: pgfmoduleshapes.code.tex 2014/03/21  (rcs-revision 1.35)
\pgfnodeparttextbox=\box53
) (/usr/share/texlive/texmf-dist/tex/generic/pgf/modules/pgfmoduleplot.code.tex
File: pgfmoduleplot.code.tex 2015/08/03  (rcs-revision 1.13)
)
(/usr/share/texlive/texmf-dist/tex/latex/pgf/compatibility/pgfcomp-version-0-65
.sty
Package: pgfcomp-version-0-65 2007/07/03 v3.0.1a (rcs-revision 1.7)
\pgf@nodesepstart=\dimen193
\pgf@nodesepend=\dimen194
)
(/usr/share/texlive/texmf-dist/tex/latex/pgf/compatibility/pgfcomp-version-1-18
.sty
Package: pgfcomp-version-1-18 2007/07/23 v3.0.1a (rcs-revision 1.1)
)) (/usr/share/texmf/tex/latex/lm/lmodern.sty
Package: lmodern 2009/10/30 v1.6 Latin Modern Fonts
LaTeX Font Info:    Overwriting symbol font `operators' in version `normal'
(Font)                  OT1/cmr/m/n --> OT1/lmr/m/n on input line 22.
LaTeX Font Info:    Overwriting symbol font `letters' in version `normal'
(Font)                  OML/cmm/m/it --> OML/lmm/m/it on input line 23.
LaTeX Font Info:    Overwriting symbol font `symbols' in version `normal'
(Font)                  OMS/cmsy/m/n --> OMS/lmsy/m/n on input line 24.
LaTeX Font Info:    Overwriting symbol font `largesymbols' in version `normal'
(Font)                  OMX/cmex/m/n --> OMX/lmex/m/n on input line 25.
LaTeX Font Info:    Overwriting symbol font `operators' in version `bold'
(Font)                  OT1/cmr/bx/n --> OT1/lmr/bx/n on input line 26.
LaTeX Font Info:    Overwriting symbol font `letters' in version `bold'
(Font)                  OML/cmm/b/it --> OML/lmm/b/it on input line 27.
LaTeX Font Info:    Overwriting symbol font `symbols' in version `bold'
(Font)                  OMS/cmsy/b/n --> OMS/lmsy/b/n on input line 28.
LaTeX Font Info:    Overwriting symbol font `largesymbols' in version `bold'
(Font)                  OMX/cmex/m/n --> OMX/lmex/m/n on input line 29.
LaTeX Font Info:    Overwriting math alphabet `\mathbf' in version `normal'
(Font)                  OT1/cmr/bx/n --> OT1/lmr/bx/n on input line 31.
LaTeX Font Info:    Overwriting math alphabet `\mathsf' in version `normal'
(Font)                  OT1/cmss/m/n --> OT1/lmss/m/n on input line 32.
LaTeX Font Info:    Overwriting math alphabet `\mathit' in version `normal'
(Font)                  OT1/cmr/m/it --> OT1/lmr/m/it on input line 33.
LaTeX Font Info:    Overwriting math alphabet `\mathtt' in version `normal'
(Font)                  OT1/cmtt/m/n --> OT1/lmtt/m/n on input line 34.
LaTeX Font Info:    Overwriting math alphabet `\mathbf' in version `bold'
(Font)                  OT1/cmr/bx/n --> OT1/lmr/bx/n on input line 35.
LaTeX Font Info:    Overwriting math alphabet `\mathsf' in version `bold'
(Font)                  OT1/cmss/bx/n --> OT1/lmss/bx/n on input line 36.
LaTeX Font Info:    Overwriting math alphabet `\mathit' in version `bold'
(Font)                  OT1/cmr/bx/it --> OT1/lmr/bx/it on input line 37.
LaTeX Font Info:    Overwriting math alphabet `\mathtt' in version `bold'
(Font)                  OT1/cmtt/m/n --> OT1/lmtt/m/n on input line 38.
)
(/usr/share/texlive/texmf-dist/tex/latex/beamer/beamerthemePittsburgh.sty
(/usr/share/texlive/texmf-dist/tex/latex/beamer/beamerinnerthemecircles.sty))
(/usr/share/texlive/texmf-dist/tex/latex/colortbl/colortbl.sty
Package: colortbl 2012/02/13 v1.0a Color table columns (DPC)

(/usr/share/texlive/texmf-dist/tex/latex/tools/array.sty
Package: array 2016/10/06 v2.4d Tabular extension package (FMi)
\col@sep=\dimen195
\extrarowheight=\dimen196
\NC@list=\toks49
\extratabsurround=\skip62
\backup@length=\skip63
)
\everycr=\toks50
\minrowclearance=\skip64
)
(/usr/share/texlive/texmf-dist/tex/latex/multirow/multirow.sty
Package: multirow 2016/11/25 v2.2 Span multiple rows of a table
\multirow@colwidth=\skip65
\multirow@cntb=\count165
\multirow@dima=\skip66
\bigstrutjot=\dimen197
)
(/usr/share/texlive/texmf-dist/tex/latex/beamer/beamercolorthemestructure.sty)
(/usr/share/texlive/texmf-dist/tex/latex/beamer/beamerfontthemestructurebold.st
y) (/usr/share/texlive/texmf-dist/tex/latex/ucs/data/uni-0.def
File: uni-0.def 2013/05/13 UCS: Unicode data U+0000..U+00FF
)
(./journeemorte1202.aux)
\openout1 = `journeemorte1202.aux'.

LaTeX Font Info:    Checking defaults for OML/cmm/m/it on input line 62.
LaTeX Font Info:    ... okay on input line 62.
LaTeX Font Info:    Checking defaults for T1/cmr/m/n on input line 62.
LaTeX Font Info:    ... okay on input line 62.
LaTeX Font Info:    Checking defaults for OT1/cmr/m/n on input line 62.
LaTeX Font Info:    ... okay on input line 62.
LaTeX Font Info:    Checking defaults for OMS/cmsy/m/n on input line 62.
LaTeX Font Info:    ... okay on input line 62.
LaTeX Font Info:    Checking defaults for OMX/cmex/m/n on input line 62.
LaTeX Font Info:    ... okay on input line 62.
LaTeX Font Info:    Checking defaults for U/cmr/m/n on input line 62.
LaTeX Font Info:    ... okay on input line 62.
LaTeX Font Info:    Checking defaults for PD1/pdf/m/n on input line 62.
LaTeX Font Info:    ... okay on input line 62.
LaTeX Font Info:    Try loading font information for OT1+lmss on input line 62.

 (/usr/share/texmf/tex/latex/lm/ot1lmss.fd
File: ot1lmss.fd 2009/10/30 v1.6 Font defs for Latin Modern
)
*geometry* driver: auto-detecting
*geometry* detected driver: pdftex
*geometry* verbose mode - [ preamble ] result:
* driver: pdftex
* paper: custom
* layout: <same size as paper>
* layoutoffset:(h,v)=(0.0pt,0.0pt)
* modes: includehead includefoot 
* h-part:(L,W,R)=(28.45274pt, 307.28987pt, 28.45274pt)
* v-part:(T,H,B)=(0.0pt, 273.14662pt, 0.0pt)
* \paperwidth=364.19536pt
* \paperheight=273.14662pt
* \textwidth=307.28987pt
* \textheight=244.6939pt
* \oddsidemargin=-43.81725pt
* \evensidemargin=-43.81725pt
* \topmargin=-72.26999pt
* \headheight=14.22636pt
* \headsep=0.0pt
* \topskip=11.0pt
* \footskip=14.22636pt
* \marginparwidth=4.0pt
* \marginparsep=10.0pt
* \columnsep=10.0pt
* \skip\footins=10.0pt plus 4.0pt minus 2.0pt
* \hoffset=0.0pt
* \voffset=0.0pt
* \mag=1000
* \@twocolumnfalse
* \@twosidefalse
* \@mparswitchfalse
* \@reversemarginfalse
* (1in=72.27pt=25.4mm, 1cm=28.453pt)

(/usr/share/texlive/texmf-dist/tex/context/base/mkii/supp-pdf.mkii
[Loading MPS to PDF converter (version 2006.09.02).]
\scratchcounter=\count166
\scratchdimen=\dimen198
\scratchbox=\box54
\nofMPsegments=\count167
\nofMParguments=\count168
\everyMPshowfont=\toks51
\MPscratchCnt=\count169
\MPscratchDim=\dimen199
\MPnumerator=\count170
\makeMPintoPDFobject=\count171
\everyMPtoPDFconversion=\toks52
) ABD: EveryShipout initializing macros
\AtBeginShipoutBox=\box55
Package hyperref Info: Link coloring OFF on input line 62.

(/usr/share/texlive/texmf-dist/tex/latex/hyperref/nameref.sty
Package: nameref 2016/05/21 v2.44 Cross-referencing by name of section

(/usr/share/texlive/texmf-dist/tex/generic/oberdiek/gettitlestring.sty
Package: gettitlestring 2016/05/16 v1.5 Cleanup title references (HO)
)
\c@section@level=\count172
)
LaTeX Info: Redefining \ref on input line 62.
LaTeX Info: Redefining \pageref on input line 62.
LaTeX Info: Redefining \nameref on input line 62.

(./journeemorte1202.out) (./journeemorte1202.out)
\@outlinefile=\write5
\openout5 = `journeemorte1202.out'.

LaTeX Font Info:    Overwriting symbol font `operators' in version `normal'
(Font)                  OT1/lmr/m/n --> OT1/cmss/m/n on input line 62.
LaTeX Font Info:    Overwriting symbol font `operators' in version `bold'
(Font)                  OT1/lmr/bx/n --> OT1/cmss/bx/n on input line 62.
LaTeX Font Info:    Overwriting symbol font `operators' in version `normal'
(Font)                  OT1/cmss/m/n --> OT1/lmss/m/n on input line 62.
LaTeX Font Info:    Overwriting symbol font `operators' in version `bold'
(Font)                  OT1/cmss/bx/n --> OT1/lmss/bx/n on input line 62.
\symnumbers=\mathgroup6
\sympureletters=\mathgroup7
LaTeX Font Info:    Overwriting math alphabet `\mathrm' in version `normal'
(Font)                  OT1/lmss/m/n --> OT1/lmr/m/n on input line 62.
LaTeX Font Info:    Redeclaring math alphabet \mathbf on input line 62.
LaTeX Font Info:    Overwriting math alphabet `\mathbf' in version `normal'
(Font)                  OT1/lmr/bx/n --> OT1/lmss/bx/n on input line 62.
LaTeX Font Info:    Overwriting math alphabet `\mathbf' in version `bold'
(Font)                  OT1/lmr/bx/n --> OT1/lmss/bx/n on input line 62.
LaTeX Font Info:    Redeclaring math alphabet \mathsf on input line 62.
LaTeX Font Info:    Overwriting math alphabet `\mathsf' in version `normal'
(Font)                  OT1/lmss/m/n --> OT1/lmss/m/n on input line 62.
LaTeX Font Info:    Overwriting math alphabet `\mathsf' in version `bold'
(Font)                  OT1/lmss/bx/n --> OT1/lmss/m/n on input line 62.
LaTeX Font Info:    Redeclaring math alphabet \mathit on input line 62.
LaTeX Font Info:    Overwriting math alphabet `\mathit' in version `normal'
(Font)                  OT1/lmr/m/it --> OT1/lmss/m/it on input line 62.
LaTeX Font Info:    Overwriting math alphabet `\mathit' in version `bold'
(Font)                  OT1/lmr/bx/it --> OT1/lmss/m/it on input line 62.
LaTeX Font Info:    Redeclaring math alphabet \mathtt on input line 62.
LaTeX Font Info:    Overwriting math alphabet `\mathtt' in version `normal'
(Font)                  OT1/lmtt/m/n --> OT1/lmtt/m/n on input line 62.
LaTeX Font Info:    Overwriting math alphabet `\mathtt' in version `bold'
(Font)                  OT1/lmtt/m/n --> OT1/lmtt/m/n on input line 62.
LaTeX Font Info:    Overwriting symbol font `numbers' in version `bold'
(Font)                  OT1/lmss/m/n --> OT1/lmss/bx/n on input line 62.
LaTeX Font Info:    Overwriting symbol font `pureletters' in version `bold'
(Font)                  OT1/lmss/m/it --> OT1/lmss/bx/it on input line 62.
LaTeX Font Info:    Overwriting math alphabet `\mathrm' in version `bold'
(Font)                  OT1/lmss/bx/n --> OT1/lmr/bx/n on input line 62.
LaTeX Font Info:    Overwriting math alphabet `\mathbf' in version `bold'
(Font)                  OT1/lmss/bx/n --> OT1/lmss/bx/n on input line 62.
LaTeX Font Info:    Overwriting math alphabet `\mathsf' in version `bold'
(Font)                  OT1/lmss/m/n --> OT1/lmss/bx/n on input line 62.
LaTeX Font Info:    Overwriting math alphabet `\mathit' in version `bold'
(Font)                  OT1/lmss/m/it --> OT1/lmss/bx/it on input line 62.
LaTeX Font Info:    Overwriting math alphabet `\mathtt' in version `bold'
(Font)                  OT1/lmtt/m/n --> OT1/lmtt/bx/n on input line 62.

(/usr/share/texlive/texmf-dist/tex/latex/translator/translator-basic-dictionary
-English.dict
Dictionary: translator-basic-dictionary, Language: English 
)
(/usr/share/texlive/texmf-dist/tex/latex/translator/translator-bibliography-dic
tionary-English.dict
Dictionary: translator-bibliography-dictionary, Language: English 
)
(/usr/share/texlive/texmf-dist/tex/latex/translator/translator-environment-dict
ionary-English.dict
Dictionary: translator-environment-dictionary, Language: English 
)
(/usr/share/texlive/texmf-dist/tex/latex/translator/translator-months-dictionar
y-English.dict
Dictionary: translator-months-dictionary, Language: English 
)
(/usr/share/texlive/texmf-dist/tex/latex/translator/translator-numbers-dictiona
ry-English.dict
Dictionary: translator-numbers-dictionary, Language: English 
)
(/usr/share/texlive/texmf-dist/tex/latex/translator/translator-theorem-dictiona
ry-English.dict
Dictionary: translator-theorem-dictionary, Language: English 
)
LaTeX Info: Redefining \degres on input line 62.
LaTeX Info: Redefining \dots on input line 62.
LaTeX Info: Redefining \up on input line 62.


Package french.ldf Warning: OT1 encoding should not be used for French.
(french.ldf)                Add \usepackage[T1]{fontenc} to the preamble
(french.ldf)                of your document; reported on input line 62.

(/usr/share/texlive/texmf-dist/tex/latex/ucs/ucsencs.def
File: ucsencs.def 2011/01/21 Fixes to fontencodings LGR, T3
)
(./journeemorte1202.nav) [1

{/var/lib/texmf/fonts/map/pdftex/updmap/pdftex.map}] (./journeemorte1202.toc) [
2

] (./journeemorte1202.toc) [3

]
<g80.png, id=44, 596.9502pt x 844.8363pt>
File: g80.png Graphic file (type png)
<use g80.png>
Package pdftex.def Info: g80.png  used on input line 73.
(pdftex.def)             Requested size: 190.17174pt x 269.14662pt.

Overfull \vbox (1.0pt too high) detected at line 73
 []

[4

 <./g80.png>]
<public2.pdf, id=52, 845.04686pt x 597.50786pt>
File: public2.pdf Graphic file (type pdf)
<use public2.pdf>
Package pdftex.def Info: public2.pdf  used on input line 74.
(pdftex.def)             Requested size: 307.28987pt x 217.27255pt.
 [5

 <./public2.pdf, page is rotated 90 degrees>]
<prive2.pdf, id=100, 845.04686pt x 597.50786pt>
File: prive2.pdf Graphic file (type pdf)
<use prive2.pdf>
Package pdftex.def Info: prive2.pdf  used on input line 75.
(pdftex.def)             Requested size: 307.28987pt x 217.27255pt.
 [6

 <./prive2.pdf, page is rotated 90 degrees>]
<11.jpg, id=157, 771.8436pt x 413.02306pt>
File: 11.jpg Graphic file (type jpg)
<use 11.jpg>
Package pdftex.def Info: 11.jpg  used on input line 76.
(pdftex.def)             Requested size: 307.28987pt x 164.43742pt.
 [7

 <./11.jpg>]
<grille.png, id=164, 794.97pt x 289.08pt>
File: grille.png Graphic file (type png)
<use grille.png>
Package pdftex.def Info: grille.png  used on input line 80.
(pdftex.def)             Requested size: 307.28987pt x 111.74385pt.
 [8

 <./grille.png>]
<salaireEC.png, id=171, 462.528pt x 346.896pt>
File: salaireEC.png Graphic file (type png)
<use salaireEC.png>
Package pdftex.def Info: salaireEC.png  used on input line 82.
(pdftex.def)             Requested size: 307.28987pt x 230.4765pt.
 [9

 <./salaireEC.png>]
<salaireRel.png, id=178, 462.528pt x 346.896pt>
File: salaireRel.png Graphic file (type png)
<use salaireRel.png>
Package pdftex.def Info: salaireRel.png  used on input line 84.
(pdftex.def)             Requested size: 307.28987pt x 230.4765pt.
 [10

 <./salaireRel.png>]
<selonannee-4.png, id=186, 803.0pt x 602.25pt>
File: selonannee-4.png Graphic file (type png)
<use selonannee-4.png>
Package pdftex.def Info: selonannee-4.png  used on input line 88.
(pdftex.def)             Requested size: 307.28987pt x 230.47473pt.
 [11

 <./selonannee-4.png>]
<selonannee-0.png, id=193, 803.0pt x 602.25pt>
File: selonannee-0.png Graphic file (type png)
<use selonannee-0.png>
Package pdftex.def Info: selonannee-0.png  used on input line 89.
(pdftex.def)             Requested size: 307.28987pt x 230.47473pt.
 [12

 <./selonannee-0.png>]
<selonannee-1.png, id=200, 803.0pt x 602.25pt>
File: selonannee-1.png Graphic file (type png)
<use selonannee-1.png>
Package pdftex.def Info: selonannee-1.png  used on input line 90.
(pdftex.def)             Requested size: 307.28987pt x 230.47473pt.
 [13

 <./selonannee-1.png>]
<selonannee-2.png, id=208, 803.0pt x 602.25pt>
File: selonannee-2.png Graphic file (type png)
<use selonannee-2.png>
Package pdftex.def Info: selonannee-2.png  used on input line 91.
(pdftex.def)             Requested size: 307.28987pt x 230.47473pt.
 [14

 <./selonannee-2.png>]
<selonannee-3.png, id=215, 803.0pt x 602.25pt>
File: selonannee-3.png Graphic file (type png)
<use selonannee-3.png>
Package pdftex.def Info: selonannee-3.png  used on input line 92.
(pdftex.def)             Requested size: 307.28987pt x 230.47473pt.
 [15

 <./selonannee-3.png>]
File: selonannee-4.png Graphic file (type png)
<use selonannee-4.png>
Package pdftex.def Info: selonannee-4.png  used on input line 93.
(pdftex.def)             Requested size: 307.28987pt x 230.47473pt.
 [16

]
<selonannee-5.png, id=227, 803.0pt x 602.25pt>
File: selonannee-5.png Graphic file (type png)
<use selonannee-5.png>
Package pdftex.def Info: selonannee-5.png  used on input line 94.
(pdftex.def)             Requested size: 307.28987pt x 230.47473pt.
 [17

 <./selonannee-5.png>]
<selonannee-6.png, id=234, 803.0pt x 602.25pt>
File: selonannee-6.png Graphic file (type png)
<use selonannee-6.png>
Package pdftex.def Info: selonannee-6.png  used on input line 95.
(pdftex.def)             Requested size: 307.28987pt x 230.47473pt.
 [18

 <./selonannee-6.png>]
<selonannee-7.png, id=241, 803.0pt x 602.25pt>
File: selonannee-7.png Graphic file (type png)
<use selonannee-7.png>
Package pdftex.def Info: selonannee-7.png  used on input line 96.
(pdftex.def)             Requested size: 307.28987pt x 230.47473pt.
 [19

 <./selonannee-7.png>]
<selonannee-8.png, id=249, 803.0pt x 602.25pt>
File: selonannee-8.png Graphic file (type png)
<use selonannee-8.png>
Package pdftex.def Info: selonannee-8.png  used on input line 97.
(pdftex.def)             Requested size: 307.28987pt x 230.47473pt.
 [20

 <./selonannee-8.png>]
<selonannee-9.png, id=256, 803.0pt x 602.25pt>
File: selonannee-9.png Graphic file (type png)
<use selonannee-9.png>
Package pdftex.def Info: selonannee-9.png  used on input line 98.
(pdftex.def)             Requested size: 307.28987pt x 230.47473pt.
 [21

 <./selonannee-9.png>]
<selonannee-10.png, id=263, 803.0pt x 602.25pt>
File: selonannee-10.png Graphic file (type png)
<use selonannee-10.png>
Package pdftex.def Info: selonannee-10.png  used on input line 99.
(pdftex.def)             Requested size: 307.28987pt x 230.47473pt.
 [22

 <./selonannee-10.png>]
<selonannee-11.png, id=270, 803.0pt x 602.25pt>
File: selonannee-11.png Graphic file (type png)
<use selonannee-11.png>
Package pdftex.def Info: selonannee-11.png  used on input line 100.
(pdftex.def)             Requested size: 307.28987pt x 230.47473pt.
 [23

 <./selonannee-11.png>]
<selonannee_retraite-0.png, id=277, 803.0pt x 602.25pt>
File: selonannee_retraite-0.png Graphic file (type png)
<use selonannee_retraite-0.png>
Package pdftex.def Info: selonannee_retraite-0.png  used on input line 102.
(pdftex.def)             Requested size: 307.28987pt x 230.47473pt.
 [24

 <./selonannee_retraite-0.png>]
<selonannee_retraite-1.png, id=284, 803.0pt x 602.25pt>
File: selonannee_retraite-1.png Graphic file (type png)
<use selonannee_retraite-1.png>
Package pdftex.def Info: selonannee_retraite-1.png  used on input line 103.
(pdftex.def)             Requested size: 307.28987pt x 230.47473pt.
 [25

 <./selonannee_retraite-1.png>]
<selonannee_retraite-2.png, id=292, 803.0pt x 602.25pt>
File: selonannee_retraite-2.png Graphic file (type png)
<use selonannee_retraite-2.png>
Package pdftex.def Info: selonannee_retraite-2.png  used on input line 104.
(pdftex.def)             Requested size: 307.28987pt x 230.47473pt.
 [26

 <./selonannee_retraite-2.png>]
<selonannee_retraite-3.png, id=299, 803.0pt x 602.25pt>
File: selonannee_retraite-3.png Graphic file (type png)
<use selonannee_retraite-3.png>
Package pdftex.def Info: selonannee_retraite-3.png  used on input line 105.
(pdftex.def)             Requested size: 307.28987pt x 230.47473pt.
 [27

 <./selonannee_retraite-3.png>]
<selonannee_retraite-4.png, id=306, 803.0pt x 602.25pt>
File: selonannee_retraite-4.png Graphic file (type png)
<use selonannee_retraite-4.png>
Package pdftex.def Info: selonannee_retraite-4.png  used on input line 106.
(pdftex.def)             Requested size: 307.28987pt x 230.47473pt.
 [28

 <./selonannee_retraite-4.png>]
<selonannee_retraite-5.png, id=313, 803.0pt x 602.25pt>
File: selonannee_retraite-5.png Graphic file (type png)
<use selonannee_retraite-5.png>
Package pdftex.def Info: selonannee_retraite-5.png  used on input line 107.
(pdftex.def)             Requested size: 307.28987pt x 230.47473pt.
 [29

 <./selonannee_retraite-5.png>]
<selonannee_retraite-6.png, id=320, 803.0pt x 602.25pt>
File: selonannee_retraite-6.png Graphic file (type png)
<use selonannee_retraite-6.png>
Package pdftex.def Info: selonannee_retraite-6.png  used on input line 108.
(pdftex.def)             Requested size: 307.28987pt x 230.47473pt.
 [30

 <./selonannee_retraite-6.png>]
<selonannee_retraite-7.png, id=327, 803.0pt x 602.25pt>
File: selonannee_retraite-7.png Graphic file (type png)
<use selonannee_retraite-7.png>
Package pdftex.def Info: selonannee_retraite-7.png  used on input line 109.
(pdftex.def)             Requested size: 307.28987pt x 230.47473pt.
 [31

 <./selonannee_retraite-7.png>]
<selonannee_retraite-8.png, id=335, 803.0pt x 602.25pt>
File: selonannee_retraite-8.png Graphic file (type png)
<use selonannee_retraite-8.png>
Package pdftex.def Info: selonannee_retraite-8.png  used on input line 110.
(pdftex.def)             Requested size: 307.28987pt x 230.47473pt.

[32

 <./selonannee_retraite-8.png>]
<selonannee_retraite-9.png, id=342, 803.0pt x 602.25pt>
File: selonannee_retraite-9.png Graphic file (type png)
<use selonannee_retraite-9.png>
Package pdftex.def Info: selonannee_retraite-9.png  used on input line 111.
(pdftex.def)             Requested size: 307.28987pt x 230.47473pt.
 [33

 <./selonannee_retraite-9.png>]
<selonannee_retraite-10.png, id=349, 803.0pt x 602.25pt>
File: selonannee_retraite-10.png Graphic file (type png)
<use selonannee_retraite-10.png>
Package pdftex.def Info: selonannee_retraite-10.png  used on input line 112.
(pdftex.def)             Requested size: 307.28987pt x 230.47473pt.
 [34

 <./selonannee_retraite-10.png>]
<selonannee_retraite-11.png, id=356, 803.0pt x 602.25pt>
File: selonannee_retraite-11.png Graphic file (type png)
<use selonannee_retraite-11.png>
Package pdftex.def Info: selonannee_retraite-11.png  used on input line 113.
(pdftex.def)             Requested size: 307.28987pt x 230.47473pt.
 [35

 <./selonannee_retraite-11.png>]
<Ratio_Gouvernement_PR_7-0.png, id=364, 803.0pt x 602.25pt>
File: Ratio_Gouvernement_PR_7-0.png Graphic file (type png)
<use Ratio_Gouvernement_PR_7-0.png>
Package pdftex.def Info: Ratio_Gouvernement_PR_7-0.png  used on input line 115.

(pdftex.def)             Requested size: 307.28987pt x 230.47473pt.
 [36

 <./Ratio_Gouvernement_PR_7-0.png>]
<Ratio_Gouvernement_PR_7-1.png, id=371, 803.0pt x 602.25pt>
File: Ratio_Gouvernement_PR_7-1.png Graphic file (type png)
<use Ratio_Gouvernement_PR_7-1.png>
Package pdftex.def Info: Ratio_Gouvernement_PR_7-1.png  used on input line 116.

(pdftex.def)             Requested size: 307.28987pt x 230.47473pt.
 [37

 <./Ratio_Gouvernement_PR_7-1.png>]
<Ratio_Gouvernement_PR_7-2.png, id=379, 803.0pt x 602.25pt>
File: Ratio_Gouvernement_PR_7-2.png Graphic file (type png)
<use Ratio_Gouvernement_PR_7-2.png>
Package pdftex.def Info: Ratio_Gouvernement_PR_7-2.png  used on input line 117.

(pdftex.def)             Requested size: 307.28987pt x 230.47473pt.
 [38

 <./Ratio_Gouvernement_PR_7-2.png>]
<Ratio_Gouvernement_PR_7-3.png, id=386, 803.0pt x 602.25pt>
File: Ratio_Gouvernement_PR_7-3.png Graphic file (type png)
<use Ratio_Gouvernement_PR_7-3.png>
Package pdftex.def Info: Ratio_Gouvernement_PR_7-3.png  used on input line 118.

(pdftex.def)             Requested size: 307.28987pt x 230.47473pt.
 [39

 <./Ratio_Gouvernement_PR_7-3.png>]
<Ratio_Gouvernement_PR_7-4.png, id=393, 803.0pt x 602.25pt>
File: Ratio_Gouvernement_PR_7-4.png Graphic file (type png)
<use Ratio_Gouvernement_PR_7-4.png>
Package pdftex.def Info: Ratio_Gouvernement_PR_7-4.png  used on input line 119.

(pdftex.def)             Requested size: 307.28987pt x 230.47473pt.
 [40

 <./Ratio_Gouvernement_PR_7-4.png>]
<Ratio_Gouvernement_PR_7-5.png, id=400, 803.0pt x 602.25pt>
File: Ratio_Gouvernement_PR_7-5.png Graphic file (type png)
<use Ratio_Gouvernement_PR_7-5.png>
Package pdftex.def Info: Ratio_Gouvernement_PR_7-5.png  used on input line 120.

(pdftex.def)             Requested size: 307.28987pt x 230.47473pt.
 [41

 <./Ratio_Gouvernement_PR_7-5.png>]
<Ratio_Gouvernement_PR_7-6.png, id=407, 803.0pt x 602.25pt>
File: Ratio_Gouvernement_PR_7-6.png Graphic file (type png)
<use Ratio_Gouvernement_PR_7-6.png>
Package pdftex.def Info: Ratio_Gouvernement_PR_7-6.png  used on input line 121.

(pdftex.def)             Requested size: 307.28987pt x 230.47473pt.
 [42

 <./Ratio_Gouvernement_PR_7-6.png>]
<Ratio_Gouvernement_PR_7-7.png, id=414, 803.0pt x 602.25pt>
File: Ratio_Gouvernement_PR_7-7.png Graphic file (type png)
<use Ratio_Gouvernement_PR_7-7.png>
Package pdftex.def Info: Ratio_Gouvernement_PR_7-7.png  used on input line 122.

(pdftex.def)             Requested size: 307.28987pt x 230.47473pt.
 [43

 <./Ratio_Gouvernement_PR_7-7.png>]
<Ratio_Gouvernement_PR_7-8.png, id=422, 803.0pt x 602.25pt>
File: Ratio_Gouvernement_PR_7-8.png Graphic file (type png)
<use Ratio_Gouvernement_PR_7-8.png>
Package pdftex.def Info: Ratio_Gouvernement_PR_7-8.png  used on input line 123.

(pdftex.def)             Requested size: 307.28987pt x 230.47473pt.
 [44

 <./Ratio_Gouvernement_PR_7-8.png>]
<Ratio_Gouvernement_PR_7-9.png, id=429, 803.0pt x 602.25pt>
File: Ratio_Gouvernement_PR_7-9.png Graphic file (type png)
<use Ratio_Gouvernement_PR_7-9.png>
Package pdftex.def Info: Ratio_Gouvernement_PR_7-9.png  used on input line 124.

(pdftex.def)             Requested size: 307.28987pt x 230.47473pt.
 [45

 <./Ratio_Gouvernement_PR_7-9.png>]
<Ratio_Gouvernement_PR_7-10.png, id=436, 803.0pt x 602.25pt>
File: Ratio_Gouvernement_PR_7-10.png Graphic file (type png)
<use Ratio_Gouvernement_PR_7-10.png>
Package pdftex.def Info: Ratio_Gouvernement_PR_7-10.png  used on input line 125
.
(pdftex.def)             Requested size: 307.28987pt x 230.47473pt.
 [46

 <./Ratio_Gouvernement_PR_7-10.png>]
<Ratio_Gouvernement_PR_7-11.png, id=443, 803.0pt x 602.25pt>
File: Ratio_Gouvernement_PR_7-11.png Graphic file (type png)
<use Ratio_Gouvernement_PR_7-11.png>
Package pdftex.def Info: Ratio_Gouvernement_PR_7-11.png  used on input line 126
.
(pdftex.def)             Requested size: 307.28987pt x 230.47473pt.
 [47

 <./Ratio_Gouvernement_PR_7-11.png>]
<Ratio_Gouvernement_PR_7-12.png, id=450, 803.0pt x 602.25pt>
File: Ratio_Gouvernement_PR_7-12.png Graphic file (type png)
<use Ratio_Gouvernement_PR_7-12.png>
Package pdftex.def Info: Ratio_Gouvernement_PR_7-12.png  used on input line 127
.
(pdftex.def)             Requested size: 307.28987pt x 230.47473pt.
 [48

 <./Ratio_Gouvernement_PR_7-12.png>]
LaTeX Font Info:    Try loading font information for OML+lmm on input line 138.

 (/usr/share/texmf/tex/latex/lm/omllmm.fd
File: omllmm.fd 2009/10/30 v1.6 Font defs for Latin Modern
)
LaTeX Font Info:    Try loading font information for OMS+lmsy on input line 138
.

(/usr/share/texmf/tex/latex/lm/omslmsy.fd
File: omslmsy.fd 2009/10/30 v1.6 Font defs for Latin Modern
)
LaTeX Font Info:    Try loading font information for OMX+lmex on input line 138
.

(/usr/share/texmf/tex/latex/lm/omxlmex.fd
File: omxlmex.fd 2009/10/30 v1.6 Font defs for Latin Modern
)
LaTeX Font Info:    External font `lmex10' loaded for size
(Font)              <10.95> on input line 138.
LaTeX Font Info:    External font `lmex10' loaded for size
(Font)              <8> on input line 138.
LaTeX Font Info:    External font `lmex10' loaded for size
(Font)              <6> on input line 138.
LaTeX Font Info:    Try loading font information for U+msa on input line 138.

(/usr/share/texlive/texmf-dist/tex/latex/amsfonts/umsa.fd
File: umsa.fd 2013/01/14 v3.01 AMS symbols A
)
LaTeX Font Info:    Try loading font information for U+msb on input line 138.

(/usr/share/texlive/texmf-dist/tex/latex/amsfonts/umsb.fd
File: umsb.fd 2013/01/14 v3.01 AMS symbols B
)
LaTeX Font Info:    Font shape `OT1/lmss/m/it' in size <10.95> not available
(Font)              Font shape `OT1/lmss/m/sl' tried instead on input line 138.

LaTeX Font Info:    Font shape `OT1/lmss/m/it' in size <8> not available
(Font)              Font shape `OT1/lmss/m/sl' tried instead on input line 138.

LaTeX Font Info:    Font shape `OT1/lmss/m/it' in size <6> not available
(Font)              Font shape `OT1/lmss/m/sl' tried instead on input line 138.

 [49

]
(./journeemorte1202.toc) [50

]
<s1.png, id=470, 1138.2525pt x 663.22781pt>
File: s1.png Graphic file (type png)
<use s1.png>
Package pdftex.def Info: s1.png  used on input line 143.
(pdftex.def)             Requested size: 307.28987pt x 179.05367pt.
 [51

 <./s1.png (PNG copy)>]
<cortaux.png, id=476, 316.93407pt x 525.46312pt>
File: cortaux.png Graphic file (type png)
<use cortaux.png>
Package pdftex.def Info: cortaux.png  used on input line 145.
(pdftex.def)             Requested size: 146.10094pt x 242.23032pt.
 [52

 <./cortaux.png (PNG copy)>]
<cor2.png, id=482, 1032.10594pt x 359.09157pt>
File: cor2.png Graphic file (type png)
<use cor2.png>
Package pdftex.def Info: cor2.png  used on input line 147.
(pdftex.def)             Requested size: 307.28987pt x 106.91188pt.
 [53

 <./cor2.png (PNG copy)>]
<corpension.png, id=488, 318.43968pt x 528.47438pt>
File: corpension.png Graphic file (type png)
<use corpension.png>
Package pdftex.def Info: corpension.png  used on input line 149.
(pdftex.def)             Requested size: 145.95926pt x 242.23032pt.
 [54

 <./corpension.png (PNG copy)>]
<corage.png, id=494, 316.93407pt x 526.96875pt>
File: corage.png Graphic file (type png)
<use corage.png>
Package pdftex.def Info: corage.png  used on input line 151.
(pdftex.def)             Requested size: 145.68504pt x 242.23032pt.

[55

 <./corage.png (PNG copy)>]
<macron_68_ans.jpg, id=501, 650.43pt x 433.62pt>
File: macron_68_ans.jpg Graphic file (type jpg)
<use macron_68_ans.jpg>
Package pdftex.def Info: macron_68_ans.jpg  used on input line 153.
(pdftex.def)             Requested size: 307.28987pt x 204.86668pt.
 [56

 <./macron_68_ans.jpg>]
<macron_62_ans.jpg, id=507, 650.43pt x 433.62pt>
File: macron_62_ans.jpg Graphic file (type jpg)
<use macron_62_ans.jpg>
Package pdftex.def Info: macron_62_ans.jpg  used on input line 156.
(pdftex.def)             Requested size: 307.28987pt x 204.86668pt.
 [57

 <./macron_62_ans.jpg>]
<toto-0.png, id=513, 578.16pt x 433.62pt>
File: toto-0.png Graphic file (type png)
<use toto-0.png>
Package pdftex.def Info: toto-0.png  used on input line 159.
(pdftex.def)             Requested size: 307.28987pt x 230.46591pt.
 [58

 <./toto-0.png>]
<toto-1.png, id=520, 578.16pt x 433.62pt>
File: toto-1.png Graphic file (type png)
<use toto-1.png>
Package pdftex.def Info: toto-1.png  used on input line 161.
(pdftex.def)             Requested size: 307.28987pt x 230.46591pt.
 [59

 <./toto-1.png>]
<simu_agepension.png, id=528, 578.16pt x 433.62pt>
File: simu_agepension.png Graphic file (type png)
<use simu_agepension.png>
Package pdftex.def Info: simu_agepension.png  used on input line 163.
(pdftex.def)             Requested size: 307.28987pt x 230.46591pt.
 [60

 <./simu_agepension.png>]
<toto-2.png, id=535, 578.16pt x 433.62pt>
File: toto-2.png Graphic file (type png)
<use toto-2.png>
Package pdftex.def Info: toto-2.png  used on input line 165.
(pdftex.def)             Requested size: 307.28987pt x 230.46591pt.

[61

 <./toto-2.png>]
<toto-4.png, id=543, 578.16pt x 433.62pt>
File: toto-4.png Graphic file (type png)
<use toto-4.png>
Package pdftex.def Info: toto-4.png  used on input line 167.
(pdftex.def)             Requested size: 307.28987pt x 230.46591pt.
 [62

 <./toto-4.png>] [63

]
<jesus.jpg, id=555, 1537.745pt x 2055.68pt>
File: jesus.jpg Graphic file (type jpg)
<use jesus.jpg>
Package pdftex.def Info: jesus.jpg  used on input line 187.
(pdftex.def)             Requested size: 201.3217pt x 269.14662pt.

Overfull \vbox (1.0pt too high) detected at line 187
 []

[64

 <./jesus.jpg>]
\tf@nav=\write6
\openout6 = `journeemorte1202.nav'.

\tf@toc=\write7
\openout7 = `journeemorte1202.toc'.

\tf@snm=\write8
\openout8 = `journeemorte1202.snm'.

Package atveryend Info: Empty hook `BeforeClearDocument' on input line 190.
Package atveryend Info: Empty hook `AfterLastShipout' on input line 190.
 (./journeemorte1202.aux)
Package atveryend Info: Executing hook `AtVeryEndDocument' on input line 190.
Package atveryend Info: Executing hook `AtEndAfterFileList' on input line 190.
Package rerunfilecheck Info: File `journeemorte1202.out' has not changed.
(rerunfilecheck)             Checksum: ED2F6F1D9955EE4C9B68C412FC4BE236;124.
 ) 
Here is how much of TeX's memory you used:
 20177 strings out of 494780
 374733 string characters out of 6176875
 460214 words of memory out of 5000000
 22843 multiletter control sequences out of 15000+600000
 43135 words of font info for 42 fonts, out of 8000000 for 9000
 81 hyphenation exceptions out of 8191
 56i,11n,55p,820b,673s stack positions out of 5000i,500n,10000p,200000b,80000s
{/usr/share/texmf/fonts/enc/dvips/lm/lm-mathsy.enc}{/usr/share/texmf/fonts/en
c/dvips/lm/lm-rm.enc}</usr/share/texmf/fonts/type1/public/lm/lmss10.pfb></usr/s
hare/texmf/fonts/type1/public/lm/lmssbx10.pfb></usr/share/texmf/fonts/type1/pub
lic/lm/lmsy10.pfb></usr/share/texmf/fonts/type1/public/tex-gyre/qtmr.pfb>
Output written on journeemorte1202.pdf (64 pages, 3478408 bytes).
PDF statistics:
 607 PDF objects out of 1000 (max. 8388607)
 385 compressed objects within 4 object streams
 131 named destinations out of 1000 (max. 500000)
 344 words of extra memory for PDF output out of 10000 (max. 10000000)

